#
# There is insufficient memory for the Java Runtime Environment to continue.
# Native memory allocation (malloc) failed to allocate 133376 bytes. Error detail: Chunk::new
# Possible reasons:
#   The system is out of physical RAM or swap space
#   This process is running with CompressedOops enabled, and the Java Heap may be blocking the growth of the native heap
# Possible solutions:
#   Reduce memory load on the system
#   Increase physical memory or swap space
#   Check if swap backing store is full
#   Decrease Java heap size (-Xmx/-Xms)
#   Decrease number of Java threads
#   Decrease Java thread stack sizes (-Xss)
#   Set larger code cache with -XX:ReservedCodeCacheSize=
#   JVM is running with Unscaled Compressed Oops mode in which the Java heap is
#     placed in the first 4GB address space. The Java Heap base address is the
#     maximum limit for the native heap growth. Please use -XX:HeapBaseMinAddress
#     to set the Java Heap base and to place the Java Heap above 4GB virtual address.
# This output file may be truncated or incomplete.
#
#  Out of Memory Error (arena.cpp:168), pid=7156, tid=17544
#
# JRE version: OpenJDK Runtime Environment Temurin-21.0.9+10 (21.0.9+10) (build 21.0.9+10-LTS)
# Java VM: OpenJDK 64-Bit Server VM Temurin-21.0.9+10 (21.0.9+10-LTS, mixed mode, sharing, tiered, compressed oops, compressed class ptrs, parallel gc, windows-amd64)
# No core dump will be written. Minidumps are not enabled by default on client versions of Windows
#

---------------  S U M M A R Y ------------

Command Line: --add-modules=ALL-SYSTEM --add-opens=java.base/java.util=ALL-UNNAMED --add-opens=java.base/java.lang=ALL-UNNAMED --add-opens=java.base/sun.nio.fs=ALL-UNNAMED -Declipse.application=org.eclipse.jdt.ls.core.id1 -Dosgi.bundles.defaultStartLevel=4 -Declipse.product=org.eclipse.jdt.ls.core.product -Djava.import.generatesMetadataFilesAtProjectRoot=false -DDetectVMInstallationsJob.disabled=true -Dfile.encoding=utf8 -XX:+UseParallelGC -XX:GCTimeRatio=4 -XX:AdaptiveSizePolicyWeight=90 -Dsun.zip.disableMemoryMapping=true -Xmx2G -Xms100m -Xlog:disable -javaagent:c:\Users\Admin\.vscode\extensions\redhat.java-1.52.0-win32-x64\lombok\lombok-1.18.39-4050.jar c:\Users\Admin\.vscode\extensions\redhat.java-1.52.0-win32-x64\server\plugins\org.eclipse.equinox.launcher_1.7.100.v20251111-0406.jar -configuration c:\Users\Admin\AppData\Roaming\Code\User\globalStorage\redhat.java\1.52.0\config_ss_win -data c:\Users\Admin\AppData\Roaming\Code\User\workspaceStorage\dfc6a30cce79bf8a3fa3bd88a1f23133\redhat.java\ss_ws --pipe=\\.\pipe\lsp-812187eb5fd98c48cfdee9daf8bcf323-sock

Host: 11th Gen Intel(R) Core(TM) i5-11400H @ 2.70GHz, 12 cores, 15G,  Windows 11 , 64 bit Build 26100 (10.0.26100.7705)
Time: Thu Feb  5 13:57:00 2026 SE Asia Standard Time elapsed time: 27.358266 seconds (0d 0h 0m 27s)

---------------  T H R E A D  ---------------

Current thread (0x000001d4bec6feb0):  JavaThread "C2 CompilerThread0" daemon [_thread_in_native, id=17544, stack(0x00000010a5700000,0x00000010a5800000) (1024K)]


Current CompileTask:
C2:27358 1808       4       java.lang.StringLatin1::toLowerCase (186 bytes)

Stack: [0x00000010a5700000,0x00000010a5800000]
Native frames: (J=compiled Java code, j=interpreted, Vv=VM code, C=native code)
V  [jvm.dll+0x6d6e29]
V  [jvm.dll+0x8b4b76]
V  [jvm.dll+0x8b712e]
V  [jvm.dll+0x8b7813]
V  [jvm.dll+0x283d86]
V  [jvm.dll+0xc66ed]
V  [jvm.dll+0xc6c31]
V  [jvm.dll+0x2facee]
V  [jvm.dll+0x5fde44]
V  [jvm.dll+0x255557]
V  [jvm.dll+0x25591d]
V  [jvm.dll+0x24df40]
V  [jvm.dll+0x24b482]
V  [jvm.dll+0x1cb13e]
V  [jvm.dll+0x25b29d]
V  [jvm.dll+0x25982a]
V  [jvm.dll+0x3f7ea6]
V  [jvm.dll+0x85e9ad]
V  [jvm.dll+0x6d565d]
C  [ucrtbase.dll+0x37b0]
C  [KERNEL32.DLL+0x2e8d7]
C  [ntdll.dll+0x8c40c]


---------------  P R O C E S S  ---------------

Threads class SMR info:
_java_thread_list=0x000001d51d765e70, length=12, elements={
0x000001d4bebbb4d0, 0x000001d4bec5efb0, 0x000001d4bec61280, 0x000001d4bec67cd0,
0x000001d4bec6aab0, 0x000001d4bec6b500, 0x000001d4bec6bf50, 0x000001d4bec6feb0,
0x000001d4bec773f0, 0x000001d517b9a190, 0x000001d517c3a330, 0x000001d51d498d00
}

Java Threads: ( => current thread )
  0x000001d4bebbb4d0 JavaThread "main"                              [_thread_in_native, id=24600, stack(0x00000010a4d00000,0x00000010a4e00000) (1024K)]
  0x000001d4bec5efb0 JavaThread "Reference Handler"          daemon [_thread_blocked, id=25460, stack(0x00000010a5100000,0x00000010a5200000) (1024K)]
  0x000001d4bec61280 JavaThread "Finalizer"                  daemon [_thread_blocked, id=27412, stack(0x00000010a5200000,0x00000010a5300000) (1024K)]
  0x000001d4bec67cd0 JavaThread "Signal Dispatcher"          daemon [_thread_blocked, id=29036, stack(0x00000010a5300000,0x00000010a5400000) (1024K)]
  0x000001d4bec6aab0 JavaThread "Attach Listener"            daemon [_thread_blocked, id=20884, stack(0x00000010a5400000,0x00000010a5500000) (1024K)]
  0x000001d4bec6b500 JavaThread "Service Thread"             daemon [_thread_blocked, id=29160, stack(0x00000010a5500000,0x00000010a5600000) (1024K)]
  0x000001d4bec6bf50 JavaThread "Monitor Deflation Thread"   daemon [_thread_blocked, id=20404, stack(0x00000010a5600000,0x00000010a5700000) (1024K)]
=>0x000001d4bec6feb0 JavaThread "C2 CompilerThread0"         daemon [_thread_in_native, id=17544, stack(0x00000010a5700000,0x00000010a5800000) (1024K)]
  0x000001d4bec773f0 JavaThread "C1 CompilerThread0"         daemon [_thread_blocked, id=16008, stack(0x00000010a5800000,0x00000010a5900000) (1024K)]
  0x000001d517b9a190 JavaThread "Common-Cleaner"             daemon [_thread_blocked, id=13120, stack(0x00000010a5900000,0x00000010a5a00000) (1024K)]
  0x000001d517c3a330 JavaThread "Notification Thread"        daemon [_thread_blocked, id=25096, stack(0x00000010a5a00000,0x00000010a5b00000) (1024K)]
  0x000001d51d498d00 JavaThread "Active Thread: Equinox Container: 714f8f1b-337a-442a-b00a-734d34161460"        [_thread_blocked, id=4552, stack(0x00000010a6200000,0x00000010a6300000) (1024K)]
Total: 12

Other Threads:
  0x000001d4bec5eb10 VMThread "VM Thread"                           [id=17296, stack(0x00000010a5000000,0x00000010a5100000) (1024K)]
  0x000001d4bec29690 WatcherThread "VM Periodic Task Thread"        [id=26340, stack(0x00000010a4f00000,0x00000010a5000000) (1024K)]
  0x000001d4bebda430 WorkerThread "GC Thread#0"                     [id=25904, stack(0x00000010a4e00000,0x00000010a4f00000) (1024K)]
  0x000001d51d668e20 WorkerThread "GC Thread#1"                     [id=29032, stack(0x00000010a5c00000,0x00000010a5d00000) (1024K)]
  0x000001d51d39ccb0 WorkerThread "GC Thread#2"                     [id=15024, stack(0x00000010a5d00000,0x00000010a5e00000) (1024K)]
  0x000001d51d39d050 WorkerThread "GC Thread#3"                     [id=3640, stack(0x00000010a5e00000,0x00000010a5f00000) (1024K)]
  0x000001d51d39d3f0 WorkerThread "GC Thread#4"                     [id=9184, stack(0x00000010a5f00000,0x00000010a6000000) (1024K)]
  0x000001d51d39d790 WorkerThread "GC Thread#5"                     [id=16344, stack(0x00000010a6000000,0x00000010a6100000) (1024K)]
  0x000001d51d39db30 WorkerThread "GC Thread#6"                     [id=28016, stack(0x00000010a6100000,0x00000010a6200000) (1024K)]
Total: 9

Threads with active compile tasks:
C2 CompilerThread0  27395 1808       4       java.lang.StringLatin1::toLowerCase (186 bytes)
Total: 1

VM state: not at safepoint (normal execution)

VM Mutex/Monitor currently owned by a thread: None

Heap address: 0x0000000080000000, size: 2048 MB, Compressed Oops mode: 32-bit

CDS archive(s) mapped at: [0x000001d4d6000000-0x000001d4d6ba0000-0x000001d4d6ba0000), size 12189696, SharedBaseAddress: 0x000001d4d6000000, ArchiveRelocationMode: 1.
Compressed class space mapped at: 0x000001d4d7000000-0x000001d517000000, reserved size: 1073741824
Narrow klass base: 0x000001d4d6000000, Narrow klass shift: 0, Narrow klass range: 0x100000000

GC Precious Log:
 CardTable entry size: 512
 CPUs: 12 total, 12 available
 Memory: 16163M
 Large Page Support: Disabled
 NUMA Support: Disabled
 Compressed Oops: Enabled (32-bit)
 Alignments: Space 512K, Generation 512K, Heap 2M
 Heap Min Capacity: 100M
 Heap Initial Capacity: 100M
 Heap Max Capacity: 2G
 Pre-touch: Disabled
 Parallel Workers: 10

Heap:
 PSYoungGen      total 29696K, used 27049K [0x00000000d5580000, 0x00000000d7680000, 0x0000000100000000)
  eden space 25600K, 92% used [0x00000000d5580000,0x00000000d6cb8900,0x00000000d6e80000)
  from space 4096K, 79% used [0x00000000d6e80000,0x00000000d71b1e98,0x00000000d7280000)
  to   space 4096K, 0% used [0x00000000d7280000,0x00000000d7280000,0x00000000d7680000)
 ParOldGen       total 68608K, used 16K [0x0000000080000000, 0x0000000084300000, 0x00000000d5580000)
  object space 68608K, 0% used [0x0000000080000000,0x0000000080004000,0x0000000084300000)
 Metaspace       used 7932K, committed 8192K, reserved 1114112K
  class space    used 829K, committed 960K, reserved 1048576K

Card table byte_map: [0x000001d4be580000,0x000001d4be990000] _byte_map_base: 0x000001d4be180000

Marking Bits: (ParMarkBitMap*) 0x00007ffd873a2460
 Begin Bits: [0x000001d4d1070000, 0x000001d4d3070000)
 End Bits:   [0x000001d4d3070000, 0x000001d4d5070000)

Polling page: 0x000001d4bce40000

Metaspace:

Usage:
  Non-class:      6.94 MB used.
      Class:    829.91 KB used.
       Both:      7.75 MB used.

Virtual space:
  Non-class space:       64.00 MB reserved,       7.06 MB ( 11%) committed,  1 nodes.
      Class space:        1.00 GB reserved,     960.00 KB ( <1%) committed,  1 nodes.
             Both:        1.06 GB reserved,       8.00 MB ( <1%) committed. 

Chunk freelists:
   Non-Class:  8.83 MB
       Class:  14.91 MB
        Both:  23.73 MB

MaxMetaspaceSize: unlimited
CompressedClassSpaceSize: 1.00 GB
Initial GC threshold: 21.00 MB
Current GC threshold: 21.00 MB
CDS: on
 - commit_granule_bytes: 65536.
 - commit_granule_words: 8192.
 - virtual_space_node_default_size: 8388608.
 - enlarge_chunks_in_place: 1.
 - use_allocation_guard: 0.


Internal statistics:

num_allocs_failed_limit: 0.
num_arena_births: 228.
num_arena_deaths: 0.
num_vsnodes_births: 2.
num_vsnodes_deaths: 0.
num_space_committed: 128.
num_space_uncommitted: 0.
num_chunks_returned_to_freelist: 0.
num_chunks_taken_from_freelist: 423.
num_chunk_merges: 0.
num_chunk_splits: 270.
num_chunks_enlarged: 177.
num_inconsistent_stats: 0.

CodeHeap 'non-profiled nmethods': size=120000Kb used=776Kb max_used=776Kb free=119223Kb
 bounds [0x000001d4c9890000, 0x000001d4c9b00000, 0x000001d4d0dc0000]
CodeHeap 'profiled nmethods': size=120000Kb used=3251Kb max_used=3251Kb free=116748Kb
 bounds [0x000001d4c1dc0000, 0x000001d4c20f0000, 0x000001d4c92f0000]
CodeHeap 'non-nmethods': size=5760Kb used=1228Kb max_used=1257Kb free=4531Kb
 bounds [0x000001d4c92f0000, 0x000001d4c9560000, 0x000001d4c9890000]
CodeCache: size=245760Kb, used=5255Kb, max_used=5284Kb, free=240502Kb
 total_blobs=2288, nmethods=1805, adapters=390, full_count=0
Compilation: enabled, stopped_count=0, restarted_count=0

Compilation events (20 events):
Event: 20.422 Thread 0x000001d4bec6feb0 nmethod 1798 0x000001d4c9951c90 code [0x000001d4c9951e20, 0x000001d4c9951ec8]
Event: 23.454 Thread 0x000001d4bec773f0 1799       3       java.net.URL::<init> (11 bytes)
Event: 23.455 Thread 0x000001d4bec773f0 nmethod 1799 0x000001d4c20e5a10 code [0x000001d4c20e5bc0, 0x000001d4c20e5d08]
Event: 24.373 Thread 0x000001d4bec773f0 1800       3       java.io.File::<init> (111 bytes)
Event: 24.375 Thread 0x000001d4bec773f0 nmethod 1800 0x000001d4c20e5d90 code [0x000001d4c20e6040, 0x000001d4c20e6ac0]
Event: 25.202 Thread 0x000001d4bec773f0 1801       3       jdk.internal.misc.CarrierThreadLocal::get (10 bytes)
Event: 25.202 Thread 0x000001d4bec773f0 nmethod 1801 0x000001d4c20e6f10 code [0x000001d4c20e70e0, 0x000001d4c20e73a0]
Event: 25.202 Thread 0x000001d4bec773f0 1802       3       java.lang.System$2::getCarrierThreadLocal (5 bytes)
Event: 25.202 Thread 0x000001d4bec773f0 nmethod 1802 0x000001d4c20e7490 code [0x000001d4c20e7640, 0x000001d4c20e7898]
Event: 25.202 Thread 0x000001d4bec773f0 1803       3       java.lang.ThreadLocal::getCarrierThreadLocal (29 bytes)
Event: 25.203 Thread 0x000001d4bec773f0 nmethod 1803 0x000001d4c20e7990 code [0x000001d4c20e7b40, 0x000001d4c20e7ca8]
Event: 25.897 Thread 0x000001d4bec773f0 1804       3       java.lang.ThreadLocal$ThreadLocalMap::getEntry (42 bytes)
Event: 25.898 Thread 0x000001d4bec773f0 nmethod 1804 0x000001d4c20e7d90 code [0x000001d4c20e7f60, 0x000001d4c20e8320]
Event: 25.952 Thread 0x000001d4bec773f0 1805       1       sun.nio.fs.NativeBuffer::size (5 bytes)
Event: 25.952 Thread 0x000001d4bec773f0 nmethod 1805 0x000001d4c9951f90 code [0x000001d4c9952120, 0x000001d4c99521e8]
Event: 26.924 Thread 0x000001d4bec773f0 1806       3       sun.net.util.IPAddressUtil::checkExternalForm (98 bytes)
Event: 26.925 Thread 0x000001d4bec773f0 nmethod 1806 0x000001d4c20e8510 code [0x000001d4c20e8700, 0x000001d4c20e8a38]
Event: 26.926 Thread 0x000001d4bec773f0 1807       3       sun.nio.fs.WindowsPathParser::normalize (233 bytes)
Event: 26.932 Thread 0x000001d4bec773f0 nmethod 1807 0x000001d4c20e8b90 code [0x000001d4c20e9140, 0x000001d4c20ebc70]
Event: 27.350 Thread 0x000001d4bec6feb0 1808       4       java.lang.StringLatin1::toLowerCase (186 bytes)

GC Heap History (2 events):
Event: 2.660 GC heap before
{Heap before GC invocations=1 (full 0):
 PSYoungGen      total 29696K, used 25600K [0x00000000d5580000, 0x00000000d7680000, 0x0000000100000000)
  eden space 25600K, 100% used [0x00000000d5580000,0x00000000d6e80000,0x00000000d6e80000)
  from space 4096K, 0% used [0x00000000d7280000,0x00000000d7280000,0x00000000d7680000)
  to   space 4096K, 0% used [0x00000000d6e80000,0x00000000d6e80000,0x00000000d7280000)
 ParOldGen       total 68608K, used 0K [0x0000000080000000, 0x0000000084300000, 0x00000000d5580000)
  object space 68608K, 0% used [0x0000000080000000,0x0000000080000000,0x0000000084300000)
 Metaspace       used 4351K, committed 4608K, reserved 1114112K
  class space    used 473K, committed 576K, reserved 1048576K
}
Event: 2.670 GC heap after
{Heap after GC invocations=1 (full 0):
 PSYoungGen      total 29696K, used 3271K [0x00000000d5580000, 0x00000000d7680000, 0x0000000100000000)
  eden space 25600K, 0% used [0x00000000d5580000,0x00000000d5580000,0x00000000d6e80000)
  from space 4096K, 79% used [0x00000000d6e80000,0x00000000d71b1e98,0x00000000d7280000)
  to   space 4096K, 0% used [0x00000000d7280000,0x00000000d7280000,0x00000000d7680000)
 ParOldGen       total 68608K, used 16K [0x0000000080000000, 0x0000000084300000, 0x00000000d5580000)
  object space 68608K, 0% used [0x0000000080000000,0x0000000080004000,0x0000000084300000)
 Metaspace       used 4351K, committed 4608K, reserved 1114112K
  class space    used 473K, committed 576K, reserved 1048576K
}

Dll operation events (8 events):
Event: 0.493 Loaded shared library c:\Users\Admin\.vscode\extensions\redhat.java-1.52.0-win32-x64\jre\21.0.9-win32-x86_64\bin\java.dll
Event: 0.824 Loaded shared library c:\Users\Admin\.vscode\extensions\redhat.java-1.52.0-win32-x64\jre\21.0.9-win32-x86_64\bin\zip.dll
Event: 0.882 Loaded shared library C:\Users\Admin\.vscode\extensions\redhat.java-1.52.0-win32-x64\jre\21.0.9-win32-x86_64\bin\instrument.dll
Event: 1.011 Loaded shared library C:\Users\Admin\.vscode\extensions\redhat.java-1.52.0-win32-x64\jre\21.0.9-win32-x86_64\bin\net.dll
Event: 1.103 Loaded shared library C:\Users\Admin\.vscode\extensions\redhat.java-1.52.0-win32-x64\jre\21.0.9-win32-x86_64\bin\nio.dll
Event: 1.111 Loaded shared library C:\Users\Admin\.vscode\extensions\redhat.java-1.52.0-win32-x64\jre\21.0.9-win32-x86_64\bin\zip.dll
Event: 1.150 Loaded shared library C:\Users\Admin\.vscode\extensions\redhat.java-1.52.0-win32-x64\jre\21.0.9-win32-x86_64\bin\jimage.dll
Event: 1.390 Loaded shared library c:\Users\Admin\.vscode\extensions\redhat.java-1.52.0-win32-x64\jre\21.0.9-win32-x86_64\bin\verify.dll

Deoptimization events (20 events):
Event: 3.778 Thread 0x000001d4bebbb4d0 Uncommon trap: trap_request=0xffffffde fr.pc=0x000001d4c992fb28 relative=0x0000000000000968
Event: 3.778 Thread 0x000001d4bebbb4d0 Uncommon trap: reason=class_check action=maybe_recompile pc=0x000001d4c992fb28 method=java.util.HashMap.putVal(ILjava/lang/Object;Ljava/lang/Object;ZZ)Ljava/lang/Object; @ 253 c2
Event: 3.778 Thread 0x000001d4bebbb4d0 DEOPT PACKING pc=0x000001d4c992fb28 sp=0x00000010a4dfe260
Event: 3.779 Thread 0x000001d4bebbb4d0 DEOPT UNPACKING pc=0x000001d4c9346da2 sp=0x00000010a4dfe188 mode 2
Event: 3.780 Thread 0x000001d4bebbb4d0 Uncommon trap: trap_request=0xffffffde fr.pc=0x000001d4c98bf248 relative=0x0000000000000488
Event: 3.780 Thread 0x000001d4bebbb4d0 Uncommon trap: reason=class_check action=maybe_recompile pc=0x000001d4c98bf248 method=java.util.HashMap.putVal(ILjava/lang/Object;Ljava/lang/Object;ZZ)Ljava/lang/Object; @ 253 c2
Event: 3.780 Thread 0x000001d4bebbb4d0 DEOPT PACKING pc=0x000001d4c98bf248 sp=0x00000010a4dfe0c0
Event: 3.780 Thread 0x000001d4bebbb4d0 DEOPT UNPACKING pc=0x000001d4c9346da2 sp=0x00000010a4dfe080 mode 2
Event: 3.895 Thread 0x000001d4bebbb4d0 DEOPT PACKING pc=0x000001d4c1f3cf08 sp=0x00000010a4dfc440
Event: 3.895 Thread 0x000001d4bebbb4d0 DEOPT UNPACKING pc=0x000001d4c93478e2 sp=0x00000010a4dfb8c0 mode 0
Event: 3.895 Thread 0x000001d4bebbb4d0 DEOPT PACKING pc=0x000001d4c1eba006 sp=0x00000010a4dfc300
Event: 3.895 Thread 0x000001d4bebbb4d0 DEOPT UNPACKING pc=0x000001d4c93478e2 sp=0x00000010a4dfb780 mode 0
Event: 3.898 Thread 0x000001d4bebbb4d0 DEOPT PACKING pc=0x000001d4c1f3cf08 sp=0x00000010a4dfc750
Event: 3.898 Thread 0x000001d4bebbb4d0 DEOPT UNPACKING pc=0x000001d4c93478e2 sp=0x00000010a4dfbbd0 mode 0
Event: 3.902 Thread 0x000001d4bebbb4d0 DEOPT PACKING pc=0x000001d4c1eba006 sp=0x00000010a4dfc550
Event: 3.902 Thread 0x000001d4bebbb4d0 DEOPT UNPACKING pc=0x000001d4c93478e2 sp=0x00000010a4dfb9d0 mode 0
Event: 3.902 Thread 0x000001d4bebbb4d0 DEOPT PACKING pc=0x000001d4c1f3cf08 sp=0x00000010a4dfc6a0
Event: 3.902 Thread 0x000001d4bebbb4d0 DEOPT UNPACKING pc=0x000001d4c93478e2 sp=0x00000010a4dfbb20 mode 0
Event: 3.903 Thread 0x000001d4bebbb4d0 DEOPT PACKING pc=0x000001d4c1f3cf08 sp=0x00000010a4dfc9a0
Event: 3.903 Thread 0x000001d4bebbb4d0 DEOPT UNPACKING pc=0x000001d4c93478e2 sp=0x00000010a4dfbe20 mode 0

Classes loaded (20 events):
Event: 3.885 Loading class java/security/KeyStoreException
Event: 3.885 Loading class java/security/KeyStoreException done
Event: 3.945 Loading class java/util/LinkedList$Node
Event: 3.946 Loading class java/util/LinkedList$Node done
Event: 3.946 Loading class java/util/LinkedList$ListItr
Event: 3.946 Loading class java/util/LinkedList$ListItr done
Event: 3.948 Loading class java/lang/Thread$Builder$OfPlatform
Event: 3.948 Loading class java/lang/Thread$Builder
Event: 3.948 Loading class java/lang/Thread$Builder done
Event: 3.948 Loading class java/lang/Thread$Builder$OfPlatform done
Event: 3.949 Loading class java/lang/Thread$Builder$OfVirtual
Event: 3.949 Loading class java/lang/Thread$Builder$OfVirtual done
Event: 3.964 Loading class sun/nio/fs/WindowsChannelFactory
Event: 3.965 Loading class sun/nio/fs/WindowsChannelFactory done
Event: 3.965 Loading class sun/nio/fs/WindowsChannelFactory$1
Event: 3.965 Loading class sun/nio/fs/WindowsChannelFactory$1 done
Event: 3.965 Loading class sun/nio/fs/WindowsChannelFactory$Flags
Event: 3.965 Loading class sun/nio/fs/WindowsChannelFactory$Flags done
Event: 3.966 Loading class sun/nio/ch/FileChannelImpl$Closer
Event: 3.966 Loading class sun/nio/ch/FileChannelImpl$Closer done

Classes unloaded (0 events):
No events

Classes redefined (0 events):
No events

Internal exceptions (20 events):
Event: 2.233 Thread 0x000001d4bebbb4d0 Exception <a 'java/lang/NoSuchMethodError'{0x00000000d65f6ff8}: 'java.lang.Object java.lang.invoke.DirectMethodHandle$Holder.invokeInterface(java.lang.Object, java.lang.Object, int)'> (0x00000000d65f6ff8) 
thrown [s\src\hotspot\share\interpreter\linkResolver.cpp, line 773]
Event: 2.512 Thread 0x000001d4bebbb4d0 Exception <a 'java/lang/NoSuchMethodError'{0x00000000d6a5cf58}: 'java.lang.ClassLoader java.lang.ClassLoader.getPlatformClassLoader(java.lang.Class)'> (0x00000000d6a5cf58) 
thrown [s\src\hotspot\share\interpreter\linkResolver.cpp, line 773]
Event: 2.654 Thread 0x000001d4bebbb4d0 Exception <a 'java/lang/ClassNotFoundException'{0x00000000d6e79a80}: sun/net/www/protocol/c/Handler> (0x00000000d6e79a80) 
thrown [s\src\hotspot\share\classfile\systemDictionary.cpp, line 312]
Event: 2.656 Thread 0x000001d4bebbb4d0 Exception <a 'java/lang/ClassNotFoundException'{0x00000000d6e7ade0}: sun/net/www/protocol/e/Handler> (0x00000000d6e7ade0) 
thrown [s\src\hotspot\share\classfile\systemDictionary.cpp, line 312]
Event: 2.656 Thread 0x000001d4bebbb4d0 Exception <a 'java/lang/ClassNotFoundException'{0x00000000d6e7bf58}: sun/net/www/protocol/c/Handler> (0x00000000d6e7bf58) 
thrown [s\src\hotspot\share\classfile\systemDictionary.cpp, line 312]
Event: 2.689 Thread 0x000001d4bebbb4d0 Exception <a 'java/io/FileNotFoundException'{0x00000000d55a4510}> (0x00000000d55a4510) 
thrown [s\src\hotspot\share\prims\jni.cpp, line 520]
Event: 2.761 Thread 0x000001d4bebbb4d0 Implicit null exception at 0x000001d4c98ec029 to 0x000001d4c98ec8c8
Event: 2.761 Thread 0x000001d4bebbb4d0 Implicit null exception at 0x000001d4c98f211a to 0x000001d4c98f2320
Event: 2.763 Thread 0x000001d4bebbb4d0 Exception <a 'java/lang/NoSuchMethodError'{0x00000000d56d4238}: 'void java.lang.invoke.DirectMethodHandle$Holder.invokeStatic(java.lang.Object, java.lang.Object, java.lang.Object, java.lang.Object)'> (0x00000000d56d4238) 
thrown [s\src\hotspot\share\interpreter\linkResolver.cpp, line 773]
Event: 2.765 Thread 0x000001d4bebbb4d0 Implicit null exception at 0x000001d4c98f531a to 0x000001d4c98f5524
Event: 2.766 Thread 0x000001d4bebbb4d0 Implicit null exception at 0x000001d4c98f003d to 0x000001d4c98f00c1
Event: 2.929 Thread 0x000001d4bebbb4d0 Exception <a 'java/lang/NoSuchMethodError'{0x00000000d5998f20}: 'void java.lang.invoke.DirectMethodHandle$Holder.invokeSpecial(java.lang.Object, java.lang.Object, java.lang.Object)'> (0x00000000d5998f20) 
thrown [s\src\hotspot\share\interpreter\linkResolver.cpp, line 773]
Event: 3.520 Thread 0x000001d4bebbb4d0 Exception <a 'java/lang/NoSuchMethodError'{0x00000000d62a4ad8}: 'int java.lang.invoke.DirectMethodHandle$Holder.invokeVirtual(java.lang.Object, java.lang.Object)'> (0x00000000d62a4ad8) 
thrown [s\src\hotspot\share\interpreter\linkResolver.cpp, line 773]
Event: 3.619 Thread 0x000001d4bebbb4d0 Exception <a 'java/lang/NoSuchMethodError'{0x00000000d64195e8}: 'int java.lang.invoke.DirectMethodHandle$Holder.invokeStaticInit(java.lang.Object, java.lang.Object, java.lang.Object, java.lang.Object)'> (0x00000000d64195e8) 
thrown [s\src\hotspot\share\interpreter\linkResolver.cpp, line 773]
Event: 3.620 Thread 0x000001d4bebbb4d0 Exception <a 'java/lang/IncompatibleClassChangeError'{0x00000000d64219f0}: Found class java.lang.Object, but interface was expected> (0x00000000d64219f0) 
thrown [s\src\hotspot\share\interpreter\linkResolver.cpp, line 840]
Event: 3.621 Thread 0x000001d4bebbb4d0 Exception <a 'java/lang/NoSuchMethodError'{0x00000000d6427fa0}: 'void java.lang.invoke.DirectMethodHandle$Holder.invokeStaticInit(java.lang.Object, java.lang.Object)'> (0x00000000d6427fa0) 
thrown [s\src\hotspot\share\interpreter\linkResolver.cpp, line 773]
Event: 3.623 Thread 0x000001d4bebbb4d0 Exception <a 'java/lang/NoSuchMethodError'{0x00000000d6431178}: 'int java.lang.invoke.DirectMethodHandle$Holder.invokeStaticInit(java.lang.Object, java.lang.Object)'> (0x00000000d6431178) 
thrown [s\src\hotspot\share\interpreter\linkResolver.cpp, line 773]
Event: 3.750 Thread 0x000001d4bebbb4d0 Exception <a 'java/lang/NoSuchMethodError'{0x00000000d66768f8}: 'java.lang.Object java.lang.invoke.DirectMethodHandle$Holder.newInvokeSpecial(java.lang.Object, int, java.lang.Object)'> (0x00000000d66768f8) 
thrown [s\src\hotspot\share\interpreter\linkResolver.cpp, line 773]
Event: 3.848 Thread 0x000001d4bebbb4d0 Exception <a 'java/lang/ClassNotFoundException'{0x00000000d688df20}: sun/net/www/protocol/plurl/Handler> (0x00000000d688df20) 
thrown [s\src\hotspot\share\classfile\systemDictionary.cpp, line 312]
Event: 3.848 Thread 0x000001d4bebbb4d0 Exception <a 'java/lang/ClassNotFoundException'{0x00000000d688eda0}: sun/net/www/protocol/plurl/Handler> (0x00000000d688eda0) 
thrown [s\src\hotspot\share\classfile\systemDictionary.cpp, line 312]

ZGC Phase Switch (0 events):
No events

VM Operations (20 events):
Event: 2.007 Executing VM operation: HandshakeAllThreads (Deoptimize)
Event: 2.007 Executing VM operation: HandshakeAllThreads (Deoptimize) done
Event: 2.615 Executing VM operation: HandshakeAllThreads (Deoptimize)
Event: 2.615 Executing VM operation: HandshakeAllThreads (Deoptimize) done
Event: 2.660 Executing VM operation: ParallelGCFailedAllocation (Allocation Failure)
Event: 2.670 Executing VM operation: ParallelGCFailedAllocation (Allocation Failure) done
Event: 3.675 Executing VM operation: Cleanup
Event: 3.675 Executing VM operation: Cleanup done
Event: 3.698 Executing VM operation: HandshakeAllThreads (Deoptimize)
Event: 3.698 Executing VM operation: HandshakeAllThreads (Deoptimize) done
Event: 3.720 Executing VM operation: HandshakeAllThreads (Deoptimize)
Event: 3.720 Executing VM operation: HandshakeAllThreads (Deoptimize) done
Event: 3.802 Executing VM operation: HandshakeAllThreads (Deoptimize)
Event: 3.802 Executing VM operation: HandshakeAllThreads (Deoptimize) done
Event: 3.835 Executing VM operation: HandshakeAllThreads (Deoptimize)
Event: 3.835 Executing VM operation: HandshakeAllThreads (Deoptimize) done
Event: 4.842 Executing VM operation: Cleanup
Event: 4.842 Executing VM operation: Cleanup done
Event: 5.857 Executing VM operation: Cleanup
Event: 5.857 Executing VM operation: Cleanup done

Memory protections (0 events):
No events

Nmethod flushes (0 events):
No events

Events (20 events):
Event: 0.658 Thread 0x000001d4bebbb4d0 Thread added: 0x000001d4bec6aab0
Event: 0.658 Thread 0x000001d4bebbb4d0 Thread added: 0x000001d4bec6b500
Event: 0.658 Thread 0x000001d4bebbb4d0 Thread added: 0x000001d4bec6bf50
Event: 0.658 Thread 0x000001d4bebbb4d0 Thread added: 0x000001d4bec6feb0
Event: 0.658 Thread 0x000001d4bebbb4d0 Thread added: 0x000001d4bec773f0
Event: 0.887 Thread 0x000001d4bebbb4d0 Thread added: 0x000001d517b9a190
Event: 1.298 Thread 0x000001d4bec6feb0 Thread added: 0x000001d517cce0f0
Event: 1.298 Thread 0x000001d4bec6feb0 Thread added: 0x000001d517c4b5e0
Event: 1.406 Thread 0x000001d517c4b5e0 Thread exited: 0x000001d517c4b5e0
Event: 1.422 Thread 0x000001d517cce0f0 Thread exited: 0x000001d517cce0f0
Event: 1.620 Thread 0x000001d4bebbb4d0 Thread added: 0x000001d517c3a330
Event: 1.853 Thread 0x000001d4bec773f0 Thread added: 0x000001d51d014d90
Event: 1.939 Thread 0x000001d4bec773f0 Thread added: 0x000001d51d104880
Event: 2.300 Thread 0x000001d51d104880 Thread exited: 0x000001d51d104880
Event: 2.300 Thread 0x000001d51d014d90 Thread exited: 0x000001d51d014d90
Event: 2.402 Thread 0x000001d4bec6feb0 Thread added: 0x000001d517d3b190
Event: 2.885 Thread 0x000001d517d3b190 Thread exited: 0x000001d517d3b190
Event: 2.924 Thread 0x000001d4bec6feb0 Thread added: 0x000001d51d520150
Event: 3.641 Thread 0x000001d4bebbb4d0 Thread added: 0x000001d51d498d00
Event: 4.293 Thread 0x000001d51d520150 Thread exited: 0x000001d51d520150


Dynamic libraries:
0x00007ff6a6080000 - 0x00007ff6a608e000 	c:\Users\Admin\.vscode\extensions\redhat.java-1.52.0-win32-x64\jre\21.0.9-win32-x86_64\bin\java.exe
0x00007ffe1c900000 - 0x00007ffe1cb68000 	C:\WINDOWS\SYSTEM32\ntdll.dll
0x00007ffe1b4b0000 - 0x00007ffe1b579000 	C:\WINDOWS\System32\KERNEL32.DLL
0x00007ffe197d0000 - 0x00007ffe19bc1000 	C:\WINDOWS\System32\KERNELBASE.dll
0x00007ffe19500000 - 0x00007ffe1964b000 	C:\WINDOWS\System32\ucrtbase.dll
0x00007ffdfa2d0000 - 0x00007ffdfa2ee000 	c:\Users\Admin\.vscode\extensions\redhat.java-1.52.0-win32-x64\jre\21.0.9-win32-x86_64\bin\VCRUNTIME140.dll
0x00007ffdeee60000 - 0x00007ffdeee78000 	c:\Users\Admin\.vscode\extensions\redhat.java-1.52.0-win32-x64\jre\21.0.9-win32-x86_64\bin\jli.dll
0x00007ffe1b580000 - 0x00007ffe1b746000 	C:\WINDOWS\System32\USER32.dll
0x00007ffe19e00000 - 0x00007ffe19e27000 	C:\WINDOWS\System32\win32u.dll
0x00007ffe1c760000 - 0x00007ffe1c78b000 	C:\WINDOWS\System32\GDI32.dll
0x00007ffe19270000 - 0x00007ffe1939b000 	C:\WINDOWS\System32\gdi32full.dll
0x00007ffe193a0000 - 0x00007ffe19443000 	C:\WINDOWS\System32\msvcp_win.dll
0x00007ffe029c0000 - 0x00007ffe02c53000 	C:\WINDOWS\WinSxS\amd64_microsoft.windows.common-controls_6595b64144ccf1df_6.0.26100.7705_none_3e06597ae3363b04\COMCTL32.dll
0x00007ffe1c6b0000 - 0x00007ffe1c759000 	C:\WINDOWS\System32\msvcrt.dll
0x00007ffe1b950000 - 0x00007ffe1b981000 	C:\WINDOWS\System32\IMM32.DLL
0x00007ffe10e80000 - 0x00007ffe10e8c000 	c:\Users\Admin\.vscode\extensions\redhat.java-1.52.0-win32-x64\jre\21.0.9-win32-x86_64\bin\vcruntime140_1.dll
0x00007ffd9e860000 - 0x00007ffd9e8ed000 	c:\Users\Admin\.vscode\extensions\redhat.java-1.52.0-win32-x64\jre\21.0.9-win32-x86_64\bin\msvcp140.dll
0x00007ffd866e0000 - 0x00007ffd87480000 	c:\Users\Admin\.vscode\extensions\redhat.java-1.52.0-win32-x64\jre\21.0.9-win32-x86_64\bin\server\jvm.dll
0x00007ffe1c800000 - 0x00007ffe1c8b4000 	C:\WINDOWS\System32\ADVAPI32.dll
0x00007ffe1c3a0000 - 0x00007ffe1c446000 	C:\WINDOWS\System32\sechost.dll
0x00007ffe1aa90000 - 0x00007ffe1aba8000 	C:\WINDOWS\System32\RPCRT4.dll
0x00007ffe1b750000 - 0x00007ffe1b7c4000 	C:\WINDOWS\System32\WS2_32.dll
0x00007ffe19040000 - 0x00007ffe1909e000 	C:\WINDOWS\SYSTEM32\POWRPROF.dll
0x00007ffe02e40000 - 0x00007ffe02e75000 	C:\WINDOWS\SYSTEM32\WINMM.dll
0x00007ffe0d680000 - 0x00007ffe0d68b000 	C:\WINDOWS\SYSTEM32\VERSION.dll
0x00007ffe19020000 - 0x00007ffe19034000 	C:\WINDOWS\SYSTEM32\UMPDC.dll
0x00007ffe17f70000 - 0x00007ffe17f8b000 	C:\WINDOWS\SYSTEM32\kernel.appcore.dll
0x00007ffdff080000 - 0x00007ffdff08a000 	c:\Users\Admin\.vscode\extensions\redhat.java-1.52.0-win32-x64\jre\21.0.9-win32-x86_64\bin\jimage.dll
0x00007ffe16ca0000 - 0x00007ffe16ee2000 	C:\WINDOWS\SYSTEM32\DBGHELP.DLL
0x00007ffe1bf80000 - 0x00007ffe1c306000 	C:\WINDOWS\System32\combase.dll
0x00007ffe1bea0000 - 0x00007ffe1bf77000 	C:\WINDOWS\System32\OLEAUT32.dll
0x00007ffdfb370000 - 0x00007ffdfb3ab000 	C:\WINDOWS\SYSTEM32\dbgcore.DLL
0x00007ffe19450000 - 0x00007ffe194f5000 	C:\WINDOWS\System32\bcryptPrimitives.dll
0x00007ffdfee30000 - 0x00007ffdfee3f000 	c:\Users\Admin\.vscode\extensions\redhat.java-1.52.0-win32-x64\jre\21.0.9-win32-x86_64\bin\instrument.dll
0x00007ffddbfd0000 - 0x00007ffddbff0000 	c:\Users\Admin\.vscode\extensions\redhat.java-1.52.0-win32-x64\jre\21.0.9-win32-x86_64\bin\java.dll
0x00007ffe1ad50000 - 0x00007ffe1b4a1000 	C:\WINDOWS\System32\SHELL32.dll
0x00007ffe19c90000 - 0x00007ffe19dfa000 	C:\WINDOWS\System32\wintypes.dll
0x00007ffe19e30000 - 0x00007ffe1a692000 	C:\WINDOWS\System32\windows.storage.dll
0x00007ffe1b850000 - 0x00007ffe1b946000 	C:\WINDOWS\System32\SHCORE.dll
0x00007ffe1c790000 - 0x00007ffe1c7f7000 	C:\WINDOWS\System32\shlwapi.dll
0x00007ffe19100000 - 0x00007ffe19129000 	C:\WINDOWS\SYSTEM32\profapi.dll
0x00007ffdd7290000 - 0x00007ffdd72a8000 	c:\Users\Admin\.vscode\extensions\redhat.java-1.52.0-win32-x64\jre\21.0.9-win32-x86_64\bin\zip.dll
0x00007ffdfeba0000 - 0x00007ffdfebb0000 	C:\Users\Admin\.vscode\extensions\redhat.java-1.52.0-win32-x64\jre\21.0.9-win32-x86_64\bin\net.dll
0x00007ffe0fac0000 - 0x00007ffe0fbe7000 	C:\WINDOWS\SYSTEM32\WINHTTP.dll
0x00007ffe18500000 - 0x00007ffe1856b000 	C:\WINDOWS\system32\mswsock.dll
0x00007ffdae790000 - 0x00007ffdae7a6000 	C:\Users\Admin\.vscode\extensions\redhat.java-1.52.0-win32-x64\jre\21.0.9-win32-x86_64\bin\nio.dll
0x00007ffdf3dd0000 - 0x00007ffdf3de0000 	c:\Users\Admin\.vscode\extensions\redhat.java-1.52.0-win32-x64\jre\21.0.9-win32-x86_64\bin\verify.dll

JVMTI agents:
c:\Users\Admin\.vscode\extensions\redhat.java-1.52.0-win32-x64\lombok\lombok-1.18.39-4050.jar path:c:\Users\Admin\.vscode\extensions\redhat.java-1.52.0-win32-x64\jre\21.0.9-win32-x86_64\bin\instrument.dll, loaded, initialized, instrumentlib options:none

dbghelp: loaded successfully - version: 4.0.5 - missing functions: none
symbol engine: initialized successfully - sym options: 0x614 - pdb path: .;c:\Users\Admin\.vscode\extensions\redhat.java-1.52.0-win32-x64\jre\21.0.9-win32-x86_64\bin;C:\WINDOWS\SYSTEM32;C:\WINDOWS\WinSxS\amd64_microsoft.windows.common-controls_6595b64144ccf1df_6.0.26100.7705_none_3e06597ae3363b04;c:\Users\Admin\.vscode\extensions\redhat.java-1.52.0-win32-x64\jre\21.0.9-win32-x86_64\bin\server

VM Arguments:
jvm_args: --add-modules=ALL-SYSTEM --add-opens=java.base/java.util=ALL-UNNAMED --add-opens=java.base/java.lang=ALL-UNNAMED --add-opens=java.base/sun.nio.fs=ALL-UNNAMED -Declipse.application=org.eclipse.jdt.ls.core.id1 -Dosgi.bundles.defaultStartLevel=4 -Declipse.product=org.eclipse.jdt.ls.core.product -Djava.import.generatesMetadataFilesAtProjectRoot=false -DDetectVMInstallationsJob.disabled=true -Dfile.encoding=utf8 -XX:+UseParallelGC -XX:GCTimeRatio=4 -XX:AdaptiveSizePolicyWeight=90 -Dsun.zip.disableMemoryMapping=true -Xmx2G -Xms100m -Xlog:disable -javaagent:c:\Users\Admin\.vscode\extensions\redhat.java-1.52.0-win32-x64\lombok\lombok-1.18.39-4050.jar 
java_command: c:\Users\Admin\.vscode\extensions\redhat.java-1.52.0-win32-x64\server\plugins\org.eclipse.equinox.launcher_1.7.100.v20251111-0406.jar -configuration c:\Users\Admin\AppData\Roaming\Code\User\globalStorage\redhat.java\1.52.0\config_ss_win -data c:\Users\Admin\AppData\Roaming\Code\User\workspaceStorage\dfc6a30cce79bf8a3fa3bd88a1f23133\redhat.java\ss_ws --pipe=\\.\pipe\lsp-812187eb5fd98c48cfdee9daf8bcf323-sock
java_class_path (initial): c:\Users\Admin\.vscode\extensions\redhat.java-1.52.0-win32-x64\server\plugins\org.eclipse.equinox.launcher_1.7.100.v20251111-0406.jar
Launcher Type: SUN_STANDARD

[Global flags]
    uintx AdaptiveSizePolicyWeight                 = 90                                        {product} {command line}
     intx CICompilerCount                          = 4                                         {product} {ergonomic}
    uintx GCTimeRatio                              = 4                                         {product} {command line}
   size_t InitialHeapSize                          = 104857600                                 {product} {command line}
   size_t MaxHeapSize                              = 2147483648                                {product} {command line}
   size_t MaxNewSize                               = 715653120                                 {product} {ergonomic}
   size_t MinHeapDeltaBytes                        = 524288                                    {product} {ergonomic}
   size_t MinHeapSize                              = 104857600                                 {product} {command line}
   size_t NewSize                                  = 34603008                                  {product} {ergonomic}
    uintx NonNMethodCodeHeapSize                   = 5839372                                {pd product} {ergonomic}
    uintx NonProfiledCodeHeapSize                  = 122909434                              {pd product} {ergonomic}
   size_t OldSize                                  = 70254592                                  {product} {ergonomic}
    uintx ProfiledCodeHeapSize                     = 122909434                              {pd product} {ergonomic}
    uintx ReservedCodeCacheSize                    = 251658240                              {pd product} {ergonomic}
     bool SegmentedCodeCache                       = true                                      {product} {ergonomic}
   size_t SoftMaxHeapSize                          = 2147483648                             {manageable} {ergonomic}
     bool UseCompressedOops                        = true                           {product lp64_product} {ergonomic}
     bool UseLargePagesIndividualAllocation        = false                                  {pd product} {ergonomic}
     bool UseParallelGC                            = true                                      {product} {command line}

Logging:
Log output configuration:
 #0: stdout all=off uptime,level,tags foldmultilines=false
 #1: stderr all=off uptime,level,tags foldmultilines=false

Release file:
JAVA_VERSION="21.0.9" 
MODULES="java.base java.compiler java.datatransfer java.xml java.prefs java.desktop java.instrument java.logging java.management java.security.sasl java.naming java.rmi java.management.rmi java.net.http java.scripting java.security.jgss java.transaction.xa java.sql java.sql.rowset java.xml.crypto java.se java.smartcardio jdk.accessibility jdk.internal.jvmstat jdk.attach jdk.charsets jdk.internal.opt jdk.zipfs jdk.compiler jdk.crypto.ec jdk.crypto.cryptoki jdk.crypto.mscapi jdk.dynalink jdk.internal.ed jdk.editpad jdk.hotspot.agent jdk.httpserver jdk.internal.le jdk.internal.vm.ci jdk.internal.vm.compiler jdk.internal.vm.compiler.management jdk.jartool jdk.javadoc jdk.jcmd jdk.management jdk.management.agent jdk.jconsole jdk.jdeps jdk.jdwp.agent jdk.jdi jdk.jfr jdk.jshell jdk.jsobject jdk.jstatd jdk.localedata jdk.management.jfr jdk.naming.dns jdk.naming.rmi jdk.net jdk.nio.mapmode jdk.random jdk.sctp jdk.security.auth jdk.security.jgss jdk.unsupported jdk.unsupported.desktop jdk.xml.dom" 

Environment Variables:
PATH=C:\Program Files\Microsoft MPI\Bin\;C:\Program Files\Eclipse Adoptium\jdk-17.0.8.101-hotspot\bin;C:\Program Files\Common Files\Oracle\Java\javapath;C:\WINDOWS\system32;C:\WINDOWS;C:\WINDOWS\System32\Wbem;C:\WINDOWS\System32\WindowsPowerShell\v1.0\;C:\WINDOWS\System32\OpenSSH\;C:\Program Files\Java\jdk-20\bin;C:\Program Files (x86)\Microsoft SQL Server\160\DTS\Binn\;C:\Program Files\Azure Data Studio\bin;C:\Program Files (x86)\Microsoft SQL Server\160\Tools\Binn\;C:\Program Files\Microsoft SQL Server\160\Tools\Binn\;C:\Program Files\Microsoft SQL Server\Client SDK\ODBC\170\Tools\Binn\;C:\Program Files\Microsoft SQL Server\160\DTS\Binn\;E:\ex c++\ucrt64\bin;C:\Program Files\Microsoft SQL Server\150\Tools\Binn\;C:\Program Files\nodejs\;E:\Git\cmd;C:\Program Files\Docker\Docker\resources\bin;C:\Program Files\dotnet\;C:\Program Files\Microsoft SQL Server\170\DTS\Binn\;C:\Users\Admin\AppData\Local\Programs\Python\Launcher\;C:\Users\Admin\AppData\Local\Microsoft\WindowsApps;C:\Program Files\Azure Data Studio\bin;C:\Users\Admin\AppData\Roaming\npm;C:\xampp\mysql\bin;C:\Users\Admin\AppData\Local\Android\Sdk\platform-tools;C:\Users\Admin\AppData\Local\Android\Sdk\build-tools;C:\Users\Admin\AppData\Local\Android\Sdk\emulator;E:\Nam2\KTPM2\New folder;C:\Users\Admin\.dotnet\tools;C:\flutter\flutter\bin;C:\Users\Admin\AppData\Local\Programs\Microsoft VS Code\bin
USERNAME=Xuân Hoàng
OS=Windows_NT
PROCESSOR_IDENTIFIER=Intel64 Family 6 Model 141 Stepping 1, GenuineIntel
TMP=C:\Users\Admin\AppData\Local\Temp
TEMP=C:\Users\Admin\AppData\Local\Temp




Periodic native trim disabled

---------------  S Y S T E M  ---------------

OS:
 Windows 11 , 64 bit Build 26100 (10.0.26100.7705)
OS uptime: 2 days 6:54 hours
Hyper-V role detected

CPU: total 12 (initial active 12) (6 cores per cpu, 2 threads per core) family 6 model 141 stepping 1 microcode 0x3c, cx8, cmov, fxsr, ht, mmx, 3dnowpref, sse, sse2, sse3, ssse3, sse4.1, sse4.2, popcnt, lzcnt, tsc, tscinvbit, avx, avx2, aes, erms, clmul, bmi1, bmi2, adx, avx512f, avx512dq, avx512cd, avx512bw, avx512vl, sha, fma, vzeroupper, avx512_vpopcntdq, avx512_vpclmulqdq, avx512_vaes, avx512_vnni, clflush, clflushopt, clwb, avx512_vbmi2, avx512_vbmi, hv, rdtscp, rdpid, fsrm, gfni, avx512_bitalg, f16c, cet_ibt, cet_ss, avx512_ifma
Processor Information for the first 12 processors :
  Max Mhz: 2688, Current Mhz: 2688, Mhz Limit: 2688

Memory: 4k page, system-wide physical 16163M (642M free)
TotalPageFile size 28783M (AvailPageFile size 0M)
current process WorkingSet (physical memory assigned to process): 75M, peak: 90M
current process commit charge ("private bytes"): 240M, peak: 248M

vm_info: OpenJDK 64-Bit Server VM (21.0.9+10-LTS) for windows-amd64 JRE (21.0.9+10-LTS), built on 2025-10-21T00:00:00Z by "admin" with unknown MS VC++:1942

END.
