#
# There is insufficient memory for the Java Runtime Environment to continue.
# Native memory allocation (malloc) failed to allocate 1048576 bytes. Error detail: AllocateHeap
# Possible reasons:
#   The system is out of physical RAM or swap space
#   This process is running with CompressedOops enabled, and the Java Heap may be blocking the growth of the native heap
# Possible solutions:
#   Reduce memory load on the system
#   Increase physical memory or swap space
#   Check if swap backing store is full
#   Decrease Java heap size (-Xmx/-Xms)
#   Decrease number of Java threads
#   Decrease Java thread stack sizes (-Xss)
#   Set larger code cache with -XX:ReservedCodeCacheSize=
#   JVM is running with Unscaled Compressed Oops mode in which the Java heap is
#     placed in the first 4GB address space. The Java Heap base address is the
#     maximum limit for the native heap growth. Please use -XX:HeapBaseMinAddress
#     to set the Java Heap base and to place the Java Heap above 4GB virtual address.
# This output file may be truncated or incomplete.
#
#  Out of Memory Error (allocation.cpp:44), pid=10288, tid=7248
#
# JRE version: OpenJDK Runtime Environment Temurin-21.0.9+10 (21.0.9+10) (build 21.0.9+10-LTS)
# Java VM: OpenJDK 64-Bit Server VM Temurin-21.0.9+10 (21.0.9+10-LTS, mixed mode, sharing, tiered, compressed oops, compressed class ptrs, parallel gc, windows-amd64)
# No core dump will be written. Minidumps are not enabled by default on client versions of Windows
#

---------------  S U M M A R Y ------------

Command Line: --add-modules=ALL-SYSTEM --add-opens=java.base/java.util=ALL-UNNAMED --add-opens=java.base/java.lang=ALL-UNNAMED --add-opens=java.base/sun.nio.fs=ALL-UNNAMED -Declipse.application=org.eclipse.jdt.ls.core.id1 -Dosgi.bundles.defaultStartLevel=4 -Declipse.product=org.eclipse.jdt.ls.core.product -Djava.import.generatesMetadataFilesAtProjectRoot=false -DDetectVMInstallationsJob.disabled=true -Dfile.encoding=utf8 -XX:+UseParallelGC -XX:GCTimeRatio=4 -XX:AdaptiveSizePolicyWeight=90 -Dsun.zip.disableMemoryMapping=true -Xmx2G -Xms100m -Xlog:disable -javaagent:c:\Users\Admin\.vscode\extensions\redhat.java-1.51.0-win32-x64\lombok\lombok-1.18.39-4050.jar -XX:+HeapDumpOnOutOfMemoryError -XX:HeapDumpPath=c:\Users\Admin\AppData\Roaming\Code\User\workspaceStorage\dfc6a30cce79bf8a3fa3bd88a1f23133\redhat.java -Daether.dependencyCollector.impl=bf c:\Users\Admin\.vscode\extensions\redhat.java-1.51.0-win32-x64\server\plugins\org.eclipse.equinox.launcher_1.7.100.v20251111-0406.jar -configuration c:\Users\Admin\AppData\Roaming\Code\User\globalStorage\redhat.java\1.51.0\config_win -data c:\Users\Admin\AppData\Roaming\Code\User\workspaceStorage\dfc6a30cce79bf8a3fa3bd88a1f23133\redhat.java\jdt_ws --pipe=\\.\pipe\lsp-314350bf1d775395afa36a0394bfd88b-sock

Host: 11th Gen Intel(R) Core(TM) i5-11400H @ 2.70GHz, 12 cores, 15G,  Windows 11 , 64 bit Build 26100 (10.0.26100.7309)
Time: Sat Jan 10 23:08:54 2026 SE Asia Standard Time elapsed time: 43758.119686 seconds (0d 12h 9m 18s)

---------------  T H R E A D  ---------------

Current thread (0x000001c4fef09df0):  JavaThread "Attach Listener" daemon [_thread_in_vm, id=7248, stack(0x0000004a9cd00000,0x0000004a9ce00000) (1024K)]

Stack: [0x0000004a9cd00000,0x0000004a9ce00000]
Native frames: (J=compiled Java code, j=interpreted, Vv=VM code, C=native code)
V  [jvm.dll+0x6d6e29]
V  [jvm.dll+0x8b4b76]
V  [jvm.dll+0x8b712e]
V  [jvm.dll+0x8b7813]
V  [jvm.dll+0x283d86]
V  [jvm.dll+0xc1277]
V  [jvm.dll+0x6d76d9]
V  [jvm.dll+0x133466]
V  [jvm.dll+0x3f7ea6]
V  [jvm.dll+0x85e9ad]
V  [jvm.dll+0x6d565d]
C  [ucrtbase.dll+0x37b0]
C  [KERNEL32.DLL+0x2e8d7]
C  [ntdll.dll+0x8c53c]


---------------  P R O C E S S  ---------------

Threads class SMR info:
_java_thread_list=0x000001c4ff1da180, length=42, elements={
0x000001c4a5622790, 0x000001c4a55cdc10, 0x000001c4fef04c00, 0x000001c4fef07290,
0x000001c4fef09df0, 0x000001c4fef0a840, 0x000001c4fef0b290, 0x000001c4fef0e0d0,
0x000001c4fef7c950, 0x000001c4ff128c60, 0x000001c4ff27a4a0, 0x000001c4840fc570,
0x000001c4840fd920, 0x000001c4840fdfb0, 0x000001c4840fcc00, 0x000001c4840fd290,
0x000001c4840fecd0, 0x000001c4840ff360, 0x000001c484a901d0, 0x000001c484a90860,
0x000001c484a8d3e0, 0x000001c484a90ef0, 0x000001c484a8da70, 0x000001c484a91580,
0x000001c484a8e100, 0x000001c484a91c10, 0x000001c484a8e790, 0x000001c484a92fc0,
0x000001c484a92930, 0x000001c484a93650, 0x000001c484a922a0, 0x000001c484a93ce0,
0x000001c484a94370, 0x000001c486fb1510, 0x000001c486faedb0, 0x000001c486fb0e80,
0x000001c4ff8b63d0, 0x000001c486016c20, 0x000001c4860144c0, 0x000001c486017fd0,
0x000001c4ff8b5d40, 0x000001c4ff8b3c70
}

Java Threads: ( => current thread )
  0x000001c4a5622790 JavaThread "main"                              [_thread_blocked, id=21568, stack(0x0000004a9c600000,0x0000004a9c700000) (1024K)]
  0x000001c4a55cdc10 JavaThread "Reference Handler"          daemon [_thread_blocked, id=21696, stack(0x0000004a9ca00000,0x0000004a9cb00000) (1024K)]
  0x000001c4fef04c00 JavaThread "Finalizer"                  daemon [_thread_blocked, id=19384, stack(0x0000004a9cb00000,0x0000004a9cc00000) (1024K)]
  0x000001c4fef07290 JavaThread "Signal Dispatcher"          daemon [_thread_blocked, id=7296, stack(0x0000004a9cc00000,0x0000004a9cd00000) (1024K)]
=>0x000001c4fef09df0 JavaThread "Attach Listener"            daemon [_thread_in_vm, id=7248, stack(0x0000004a9cd00000,0x0000004a9ce00000) (1024K)]
  0x000001c4fef0a840 JavaThread "Service Thread"             daemon [_thread_blocked, id=19468, stack(0x0000004a9ce00000,0x0000004a9cf00000) (1024K)]
  0x000001c4fef0b290 JavaThread "Monitor Deflation Thread"   daemon [_thread_blocked, id=14272, stack(0x0000004a9cf00000,0x0000004a9d000000) (1024K)]
  0x000001c4fef0e0d0 JavaThread "C2 CompilerThread0"         daemon [_thread_blocked, id=8568, stack(0x0000004a9d000000,0x0000004a9d100000) (1024K)]
  0x000001c4fef7c950 JavaThread "C1 CompilerThread0"         daemon [_thread_blocked, id=11796, stack(0x0000004a9d100000,0x0000004a9d200000) (1024K)]
  0x000001c4ff128c60 JavaThread "Common-Cleaner"             daemon [_thread_blocked, id=13404, stack(0x0000004a9d300000,0x0000004a9d400000) (1024K)]
  0x000001c4ff27a4a0 JavaThread "Notification Thread"        daemon [_thread_blocked, id=2600, stack(0x0000004a9d400000,0x0000004a9d500000) (1024K)]
  0x000001c4840fc570 JavaThread "Active Thread: Equinox Container: 47b45040-9eb9-4b20-ae5a-f6eb2257dbb1"        [_thread_blocked, id=5840, stack(0x0000004a9dc00000,0x0000004a9dd00000) (1024K)]
  0x000001c4840fd920 JavaThread "Refresh Thread: Equinox Container: 47b45040-9eb9-4b20-ae5a-f6eb2257dbb1" daemon [_thread_blocked, id=9028, stack(0x0000004a9dd00000,0x0000004a9de00000) (1024K)]
  0x000001c4840fdfb0 JavaThread "Framework Event Dispatcher: Equinox Container: 47b45040-9eb9-4b20-ae5a-f6eb2257dbb1" daemon [_thread_blocked, id=20028, stack(0x0000004a9df00000,0x0000004a9e000000) (1024K)]
  0x000001c4840fcc00 JavaThread "Start Level: Equinox Container: 47b45040-9eb9-4b20-ae5a-f6eb2257dbb1" daemon [_thread_blocked, id=16136, stack(0x0000004a9e000000,0x0000004a9e100000) (1024K)]
  0x000001c4840fd290 JavaThread "Bundle File Closer"         daemon [_thread_blocked, id=1964, stack(0x0000004a9e300000,0x0000004a9e400000) (1024K)]
  0x000001c4840fecd0 JavaThread "SCR Component Actor"        daemon [_thread_blocked, id=12712, stack(0x0000004a9e400000,0x0000004a9e500000) (1024K)]
  0x000001c4840ff360 JavaThread "Worker-JM"                         [_thread_blocked, id=17972, stack(0x0000004a9e500000,0x0000004a9e600000) (1024K)]
  0x000001c484a901d0 JavaThread "JNA Cleaner"                daemon [_thread_blocked, id=22232, stack(0x0000004a9d200000,0x0000004a9d300000) (1024K)]
  0x000001c484a90860 JavaThread "Java indexing"              daemon [_thread_blocked, id=22564, stack(0x0000004a9e900000,0x0000004a9ea00000) (1024K)]
  0x000001c484a8d3e0 JavaThread "Thread-1"                   daemon [_thread_in_native, id=22620, stack(0x0000004a9ee00000,0x0000004a9ef00000) (1024K)]
  0x000001c484a90ef0 JavaThread "Thread-2"                   daemon [_thread_in_native, id=22624, stack(0x0000004a9ef00000,0x0000004a9f000000) (1024K)]
  0x000001c484a8da70 JavaThread "Thread-3"                   daemon [_thread_in_native, id=22628, stack(0x0000004a9f000000,0x0000004a9f100000) (1024K)]
  0x000001c484a91580 JavaThread "Thread-4"                   daemon [_thread_in_native, id=22632, stack(0x0000004a9f100000,0x0000004a9f200000) (1024K)]
  0x000001c484a8e100 JavaThread "Thread-5"                   daemon [_thread_in_native, id=22636, stack(0x0000004a9f200000,0x0000004a9f300000) (1024K)]
  0x000001c484a91c10 JavaThread "Thread-6"                   daemon [_thread_in_native, id=22640, stack(0x0000004a9f300000,0x0000004a9f400000) (1024K)]
  0x000001c484a8e790 JavaThread "Thread-7"                   daemon [_thread_in_native, id=22644, stack(0x0000004a9f400000,0x0000004a9f500000) (1024K)]
  0x000001c484a92fc0 JavaThread "Thread-8"                   daemon [_thread_in_native, id=22648, stack(0x0000004a9f500000,0x0000004a9f600000) (1024K)]
  0x000001c484a92930 JavaThread "Thread-9"                   daemon [_thread_in_native, id=22652, stack(0x0000004a9f600000,0x0000004a9f700000) (1024K)]
  0x000001c484a93650 JavaThread "Thread-10"                  daemon [_thread_in_native, id=22656, stack(0x0000004a9f700000,0x0000004a9f800000) (1024K)]
  0x000001c484a922a0 JavaThread "Thread-11"                  daemon [_thread_in_native, id=22660, stack(0x0000004a9f800000,0x0000004a9f900000) (1024K)]
  0x000001c484a93ce0 JavaThread "Thread-12"                  daemon [_thread_in_native, id=22664, stack(0x0000004a9f900000,0x0000004a9fa00000) (1024K)]
  0x000001c484a94370 JavaThread "Thread-13"                  daemon [_thread_in_native, id=22668, stack(0x0000004a9fa00000,0x0000004a9fb00000) (1024K)]
  0x000001c486fb1510 JavaThread "pool-2-thread-1"                   [_thread_blocked, id=22672, stack(0x0000004a9fb00000,0x0000004a9fc00000) (1024K)]
  0x000001c486faedb0 JavaThread "WorkspaceEventsHandler"            [_thread_blocked, id=22816, stack(0x0000004a9fc00000,0x0000004a9fd00000) (1024K)]
  0x000001c486fb0e80 JavaThread "pool-1-thread-1"                   [_thread_blocked, id=22820, stack(0x0000004a9fd00000,0x0000004a9fe00000) (1024K)]
  0x000001c4ff8b63d0 JavaThread "Cleaner-0"                  daemon [_thread_blocked, id=14776, stack(0x0000004a9c500000,0x0000004a9c600000) (1024K)]
  0x000001c486016c20 JavaThread "Java Debug Server"          daemon [_thread_in_native, id=5196, stack(0x0000004aa2d00000,0x0000004aa2e00000) (1024K)]
  0x000001c4860144c0 JavaThread "RxSchedulerPurge-1"         daemon [_thread_blocked, id=25460, stack(0x0000004aa2f00000,0x0000004aa3000000) (1024K)]
  0x000001c486017fd0 JavaThread "RxCachedWorkerPoolEvictor-1" daemon [_thread_blocked, id=20064, stack(0x0000004aa3000000,0x0000004aa3100000) (1024K)]
  0x000001c4ff8b5d40 JavaThread "Worker-53"                         [_thread_blocked, id=9836, stack(0x0000004a9e600000,0x0000004a9e700000) (1024K)]
  0x000001c4ff8b3c70 JavaThread "Worker-54"                         [_thread_blocked, id=11288, stack(0x0000004a9c300000,0x0000004a9c400000) (1024K)]
Total: 42

Other Threads:
  0x000001c4a55b4090 VMThread "VM Thread"                           [id=8904, stack(0x0000004a9c900000,0x0000004a9ca00000) (1024K)]
  0x000001c4a568f660 WatcherThread "VM Periodic Task Thread"        [id=14076, stack(0x0000004a9c800000,0x0000004a9c900000) (1024K)]
  0x000001c4a5640c00 WorkerThread "GC Thread#0"                     [id=8604, stack(0x0000004a9c700000,0x0000004a9c800000) (1024K)]
  0x000001c4ff4eb750 WorkerThread "GC Thread#1"                     [id=21648, stack(0x0000004a9d600000,0x0000004a9d700000) (1024K)]
  0x000001c4ff4ebaf0 WorkerThread "GC Thread#2"                     [id=968, stack(0x0000004a9d700000,0x0000004a9d800000) (1024K)]
  0x000001c4ffa71360 WorkerThread "GC Thread#3"                     [id=22160, stack(0x0000004a9d800000,0x0000004a9d900000) (1024K)]
  0x000001c4ffa71700 WorkerThread "GC Thread#4"                     [id=1448, stack(0x0000004a9d900000,0x0000004a9da00000) (1024K)]
  0x000001c4ffa71aa0 WorkerThread "GC Thread#5"                     [id=21932, stack(0x0000004a9da00000,0x0000004a9db00000) (1024K)]
  0x000001c4ffa72240 WorkerThread "GC Thread#6"                     [id=13640, stack(0x0000004a9db00000,0x0000004a9dc00000) (1024K)]
  0x000001c4ff3337e0 WorkerThread "GC Thread#7"                     [id=20632, stack(0x0000004a9de00000,0x0000004a9df00000) (1024K)]
  0x000001c4ff332d00 WorkerThread "GC Thread#8"                     [id=13344, stack(0x0000004a9e100000,0x0000004a9e200000) (1024K)]
  0x000001c4ff3330a0 WorkerThread "GC Thread#9"                     [id=10156, stack(0x0000004a9e200000,0x0000004a9e300000) (1024K)]
Total: 12

Threads with active compile tasks:
Total: 0

VM state: not at safepoint (normal execution)

VM Mutex/Monitor currently owned by a thread: None

Heap address: 0x0000000080000000, size: 2048 MB, Compressed Oops mode: 32-bit

CDS archive(s) mapped at: [0x000001c4bc000000-0x000001c4bcba0000-0x000001c4bcba0000), size 12189696, SharedBaseAddress: 0x000001c4bc000000, ArchiveRelocationMode: 1.
Compressed class space mapped at: 0x000001c4bd000000-0x000001c4fd000000, reserved size: 1073741824
Narrow klass base: 0x000001c4bc000000, Narrow klass shift: 0, Narrow klass range: 0x100000000

GC Precious Log:
 CardTable entry size: 512
 CPUs: 12 total, 12 available
 Memory: 16163M
 Large Page Support: Disabled
 NUMA Support: Disabled
 Compressed Oops: Enabled (32-bit)
 Alignments: Space 512K, Generation 512K, Heap 2M
 Heap Min Capacity: 100M
 Heap Initial Capacity: 100M
 Heap Max Capacity: 2G
 Pre-touch: Disabled
 Parallel Workers: 10

Heap:
 PSYoungGen      total 7680K, used 5728K [0x00000000d5580000, 0x00000000d5f80000, 0x0000000100000000)
  eden space 7168K, 77% used [0x00000000d5580000,0x00000000d5ae8308,0x00000000d5c80000)
  from space 512K, 37% used [0x00000000d5f00000,0x00000000d5f30000,0x00000000d5f80000)
  to   space 512K, 0% used [0x00000000d5e80000,0x00000000d5e80000,0x00000000d5f00000)
 ParOldGen       total 881664K, used 878653K [0x0000000080000000, 0x00000000b5d00000, 0x00000000d5580000)
  object space 881664K, 99% used [0x0000000080000000,0x00000000b5a0f488,0x00000000b5d00000)
 Metaspace       used 101966K, committed 104064K, reserved 1179648K
  class space    used 10364K, committed 11392K, reserved 1048576K

Card table byte_map: [0x000001c4a4fc0000,0x000001c4a53d0000] _byte_map_base: 0x000001c4a4bc0000

Marking Bits: (ParMarkBitMap*) 0x00007ffa798d2460
 Begin Bits: [0x000001c4b7ad0000, 0x000001c4b9ad0000)
 End Bits:   [0x000001c4b9ad0000, 0x000001c4bbad0000)

Polling page: 0x000001c4a3480000

Metaspace:

Usage:
  Non-class:     89.46 MB used.
      Class:     10.12 MB used.
       Both:     99.58 MB used.

Virtual space:
  Non-class space:      128.00 MB reserved,      90.50 MB ( 71%) committed,  2 nodes.
      Class space:        1.00 GB reserved,      11.12 MB (  1%) committed,  1 nodes.
             Both:        1.12 GB reserved,     101.62 MB (  9%) committed. 

Chunk freelists:
   Non-Class:  5.41 MB
       Class:  4.88 MB
        Both:  10.29 MB

MaxMetaspaceSize: unlimited
CompressedClassSpaceSize: 1.00 GB
Initial GC threshold: 21.00 MB
Current GC threshold: 167.12 MB
CDS: on
 - commit_granule_bytes: 65536.
 - commit_granule_words: 8192.
 - virtual_space_node_default_size: 8388608.
 - enlarge_chunks_in_place: 1.
 - use_allocation_guard: 0.


Internal statistics:

num_allocs_failed_limit: 9.
num_arena_births: 2074.
num_arena_deaths: 326.
num_vsnodes_births: 3.
num_vsnodes_deaths: 0.
num_space_committed: 1633.
num_space_uncommitted: 6.
num_chunks_returned_to_freelist: 436.
num_chunks_taken_from_freelist: 7311.
num_chunk_merges: 111.
num_chunk_splits: 4347.
num_chunks_enlarged: 2416.
num_inconsistent_stats: 0.

CodeHeap 'non-profiled nmethods': size=120000Kb used=21844Kb max_used=24716Kb free=98155Kb
 bounds [0x000001c4b02f0000, 0x000001c4b1b20000, 0x000001c4b7820000]
CodeHeap 'profiled nmethods': size=120000Kb used=41153Kb max_used=45911Kb free=78846Kb
 bounds [0x000001c4a8820000, 0x000001c4ab540000, 0x000001c4afd50000]
CodeHeap 'non-nmethods': size=5760Kb used=1565Kb max_used=1634Kb free=4194Kb
 bounds [0x000001c4afd50000, 0x000001c4affc0000, 0x000001c4b02f0000]
CodeCache: size=245760Kb, used=64562Kb, max_used=72261Kb, free=181195Kb
 total_blobs=18405, nmethods=17525, adapters=779, full_count=0
Compilation: enabled, stopped_count=0, restarted_count=0

Compilation events (20 events):
Event: 41889.458 Thread 0x000001c4fef7c950 30376       3       java.util.logging.LogManager::demandLogger (53 bytes)
Event: 41889.458 Thread 0x000001c4fef7c950 nmethod 30376 0x000001c4aa5b6390 code [0x000001c4aa5b65c0, 0x000001c4aa5b6c18]
Event: 41919.462 Thread 0x000001c4fef0e0d0 30377       4       java.lang.ClassLoader::getPlatformClassLoader (21 bytes)
Event: 41919.463 Thread 0x000001c4fef0e0d0 nmethod 30377 0x000001c4b14e2a90 code [0x000001c4b14e2c20, 0x000001c4b14e2c90]
Event: 42860.245 Thread 0x000001c4fef0e0d0 30378 % !   4       java.util.concurrent.ThreadPoolExecutor::runWorker @ 21 (187 bytes)
Event: 42860.511 Thread 0x000001c4fef0e0d0 nmethod 30378% 0x000001c4b11c2c10 code [0x000001c4b11c2ec0, 0x000001c4b11c3868]
Event: 43179.810 Thread 0x000001c4fef7c950 30379       3       java.util.logging.Logger::getLogger (8 bytes)
Event: 43179.812 Thread 0x000001c4fef7c950 nmethod 30379 0x000001c4aac1ff90 code [0x000001c4aac20160, 0x000001c4aac20320]
Event: 43179.812 Thread 0x000001c4fef7c950 30380       3       java.util.logging.Logger::getLogger (7 bytes)
Event: 43179.812 Thread 0x000001c4fef7c950 nmethod 30380 0x000001c4aa2d1890 code [0x000001c4aa2d1a40, 0x000001c4aa2d1b68]
Event: 43179.812 Thread 0x000001c4fef7c950 30381       3       java.util.logging.Logger::demandLogger (36 bytes)
Event: 43179.832 Thread 0x000001c4fef7c950 nmethod 30381 0x000001c4ab090010 code [0x000001c4ab0902a0, 0x000001c4ab090d50]
Event: 43357.045 Thread 0x000001c4fef7c950 30382   !   3       org.eclipse.osgi.container.ModuleDatabase::getTimestamp (25 bytes)
Event: 43357.081 Thread 0x000001c4fef7c950 nmethod 30382 0x000001c4a9c72210 code [0x000001c4a9c72460, 0x000001c4a9c72da8]
Event: 43477.064 Thread 0x000001c4fef7c950 30383       3       org.eclipse.osgi.storage.Storage::isReadOnly (10 bytes)
Event: 43477.076 Thread 0x000001c4fef7c950 nmethod 30383 0x000001c4aa075c90 code [0x000001c4aa075e40, 0x000001c4aa075fc0]
Event: 43657.118 Thread 0x000001c4fef7c950 30384   !   3       org.eclipse.osgi.internal.framework.StorageSaver$StorageSaverTask::run (31 bytes)
Event: 43657.187 Thread 0x000001c4fef7c950 nmethod 30384 0x000001c4aa177d90 code [0x000001c4aa177f60, 0x000001c4aa178200]
Event: 43751.230 Thread 0x000001c4fef0e0d0 30387   !   4       java.util.concurrent.ThreadPoolExecutor::runWorker (187 bytes)
Event: 43751.256 Thread 0x000001c4fef0e0d0 nmethod 30387 0x000001c4b12ec610 code [0x000001c4b12ec8e0, 0x000001c4b12ed1a0]

GC Heap History (20 events):
Event: 3109.174 GC heap before
{Heap before GC invocations=4948 (full 11):
 PSYoungGen      total 8192K, used 7962K [0x00000000d5580000, 0x00000000d5f00000, 0x0000000100000000)
  eden space 7168K, 100% used [0x00000000d5580000,0x00000000d5c80000,0x00000000d5c80000)
  from space 1024K, 77% used [0x00000000d5e00000,0x00000000d5ec6900,0x00000000d5f00000)
  to   space 1024K, 0% used [0x00000000d5d00000,0x00000000d5d00000,0x00000000d5e00000)
 ParOldGen       total 751616K, used 751539K [0x0000000080000000, 0x00000000ade00000, 0x00000000d5580000)
  object space 751616K, 99% used [0x0000000080000000,0x00000000addecda8,0x00000000ade00000)
 Metaspace       used 101879K, committed 104000K, reserved 1179648K
  class space    used 10362K, committed 11392K, reserved 1048576K
}
Event: 3109.179 GC heap after
{Heap after GC invocations=4948 (full 11):
 PSYoungGen      total 8192K, used 1012K [0x00000000d5580000, 0x00000000d6080000, 0x0000000100000000)
  eden space 7168K, 0% used [0x00000000d5580000,0x00000000d5580000,0x00000000d5c80000)
  from space 1024K, 98% used [0x00000000d5d00000,0x00000000d5dfd200,0x00000000d5e00000)
  to   space 2048K, 0% used [0x00000000d5e80000,0x00000000d5e80000,0x00000000d6080000)
 ParOldGen       total 752640K, used 752247K [0x0000000080000000, 0x00000000adf00000, 0x00000000d5580000)
  object space 752640K, 99% used [0x0000000080000000,0x00000000ade9dfb8,0x00000000adf00000)
 Metaspace       used 101879K, committed 104000K, reserved 1179648K
  class space    used 10362K, committed 11392K, reserved 1048576K
}
Event: 3109.896 GC heap before
{Heap before GC invocations=4949 (full 11):
 PSYoungGen      total 8192K, used 8180K [0x00000000d5580000, 0x00000000d6080000, 0x0000000100000000)
  eden space 7168K, 99% used [0x00000000d5580000,0x00000000d5c7fff8,0x00000000d5c80000)
  from space 1024K, 98% used [0x00000000d5d00000,0x00000000d5dfd200,0x00000000d5e00000)
  to   space 2048K, 0% used [0x00000000d5e80000,0x00000000d5e80000,0x00000000d6080000)
 ParOldGen       total 752640K, used 752247K [0x0000000080000000, 0x00000000adf00000, 0x00000000d5580000)
  object space 752640K, 99% used [0x0000000080000000,0x00000000ade9dfb8,0x00000000adf00000)
 Metaspace       used 101912K, committed 104000K, reserved 1179648K
  class space    used 10362K, committed 11392K, reserved 1048576K
}
Event: 3109.901 GC heap after
{Heap after GC invocations=4949 (full 11):
 PSYoungGen      total 8192K, used 820K [0x00000000d5580000, 0x00000000d5f80000, 0x0000000100000000)
  eden space 7168K, 0% used [0x00000000d5580000,0x00000000d5580000,0x00000000d5c80000)
  from space 1024K, 80% used [0x00000000d5e80000,0x00000000d5f4d200,0x00000000d5f80000)
  to   space 1536K, 0% used [0x00000000d5c80000,0x00000000d5c80000,0x00000000d5e00000)
 ParOldGen       total 753664K, used 753211K [0x0000000080000000, 0x00000000ae000000, 0x00000000d5580000)
  object space 753664K, 99% used [0x0000000080000000,0x00000000adf8ec98,0x00000000ae000000)
 Metaspace       used 101912K, committed 104000K, reserved 1179648K
  class space    used 10362K, committed 11392K, reserved 1048576K
}
Event: 3109.932 GC heap before
{Heap before GC invocations=4950 (full 11):
 PSYoungGen      total 8192K, used 7988K [0x00000000d5580000, 0x00000000d5f80000, 0x0000000100000000)
  eden space 7168K, 100% used [0x00000000d5580000,0x00000000d5c80000,0x00000000d5c80000)
  from space 1024K, 80% used [0x00000000d5e80000,0x00000000d5f4d200,0x00000000d5f80000)
  to   space 1536K, 0% used [0x00000000d5c80000,0x00000000d5c80000,0x00000000d5e00000)
 ParOldGen       total 753664K, used 753211K [0x0000000080000000, 0x00000000ae000000, 0x00000000d5580000)
  object space 753664K, 99% used [0x0000000080000000,0x00000000adf8ec98,0x00000000ae000000)
 Metaspace       used 101914K, committed 104000K, reserved 1179648K
  class space    used 10362K, committed 11392K, reserved 1048576K
}
Event: 3109.937 GC heap after
{Heap after GC invocations=4950 (full 11):
 PSYoungGen      total 8704K, used 1522K [0x00000000d5580000, 0x00000000d6280000, 0x0000000100000000)
  eden space 7168K, 0% used [0x00000000d5580000,0x00000000d5580000,0x00000000d5c80000)
  from space 1536K, 99% used [0x00000000d5c80000,0x00000000d5dfc8e0,0x00000000d5e00000)
  to   space 3072K, 0% used [0x00000000d5f80000,0x00000000d5f80000,0x00000000d6280000)
 ParOldGen       total 754688K, used 754231K [0x0000000080000000, 0x00000000ae100000, 0x00000000d5580000)
  object space 754688K, 99% used [0x0000000080000000,0x00000000ae08de98,0x00000000ae100000)
 Metaspace       used 101914K, committed 104000K, reserved 1179648K
  class space    used 10362K, committed 11392K, reserved 1048576K
}
Event: 3109.964 GC heap before
{Heap before GC invocations=4951 (full 11):
 PSYoungGen      total 8704K, used 8690K [0x00000000d5580000, 0x00000000d6280000, 0x0000000100000000)
  eden space 7168K, 100% used [0x00000000d5580000,0x00000000d5c80000,0x00000000d5c80000)
  from space 1536K, 99% used [0x00000000d5c80000,0x00000000d5dfc8e0,0x00000000d5e00000)
  to   space 3072K, 0% used [0x00000000d5f80000,0x00000000d5f80000,0x00000000d6280000)
 ParOldGen       total 754688K, used 754231K [0x0000000080000000, 0x00000000ae100000, 0x00000000d5580000)
  object space 754688K, 99% used [0x0000000080000000,0x00000000ae08de98,0x00000000ae100000)
 Metaspace       used 101914K, committed 104000K, reserved 1179648K
  class space    used 10362K, committed 11392K, reserved 1048576K
}
Event: 3109.968 GC heap after
{Heap after GC invocations=4951 (full 11):
 PSYoungGen      total 9216K, used 1964K [0x00000000d5580000, 0x00000000d6180000, 0x0000000100000000)
  eden space 7168K, 0% used [0x00000000d5580000,0x00000000d5580000,0x00000000d5c80000)
  from space 2048K, 95% used [0x00000000d5f80000,0x00000000d616b1e0,0x00000000d6180000)
  to   space 2560K, 0% used [0x00000000d5c80000,0x00000000d5c80000,0x00000000d5f00000)
 ParOldGen       total 754688K, used 754487K [0x0000000080000000, 0x00000000ae100000, 0x00000000d5580000)
  object space 754688K, 99% used [0x0000000080000000,0x00000000ae0cde98,0x00000000ae100000)
 Metaspace       used 101914K, committed 104000K, reserved 1179648K
  class space    used 10362K, committed 11392K, reserved 1048576K
}
Event: 3110.271 GC heap before
{Heap before GC invocations=4952 (full 11):
 PSYoungGen      total 9216K, used 9132K [0x00000000d5580000, 0x00000000d6180000, 0x0000000100000000)
  eden space 7168K, 99% used [0x00000000d5580000,0x00000000d5c7fff8,0x00000000d5c80000)
  from space 2048K, 95% used [0x00000000d5f80000,0x00000000d616b1e0,0x00000000d6180000)
  to   space 2560K, 0% used [0x00000000d5c80000,0x00000000d5c80000,0x00000000d5f00000)
 ParOldGen       total 754688K, used 754487K [0x0000000080000000, 0x00000000ae100000, 0x00000000d5580000)
  object space 754688K, 99% used [0x0000000080000000,0x00000000ae0cde98,0x00000000ae100000)
 Metaspace       used 101915K, committed 104000K, reserved 1179648K
  class space    used 10362K, committed 11392K, reserved 1048576K
}
Event: 3110.273 GC heap after
{Heap after GC invocations=4952 (full 11):
 PSYoungGen      total 9728K, used 352K [0x00000000d5580000, 0x00000000d6000000, 0x0000000100000000)
  eden space 7168K, 0% used [0x00000000d5580000,0x00000000d5580000,0x00000000d5c80000)
  from space 2560K, 13% used [0x00000000d5c80000,0x00000000d5cd8020,0x00000000d5f00000)
  to   space 1024K, 0% used [0x00000000d5f00000,0x00000000d5f00000,0x00000000d6000000)
 ParOldGen       total 754688K, used 754559K [0x0000000080000000, 0x00000000ae100000, 0x00000000d5580000)
  object space 754688K, 99% used [0x0000000080000000,0x00000000ae0dfe98,0x00000000ae100000)
 Metaspace       used 101915K, committed 104000K, reserved 1179648K
  class space    used 10362K, committed 11392K, reserved 1048576K
}
Event: 3284.066 GC heap before
{Heap before GC invocations=4953 (full 11):
 PSYoungGen      total 9728K, used 7517K [0x00000000d5580000, 0x00000000d6000000, 0x0000000100000000)
  eden space 7168K, 99% used [0x00000000d5580000,0x00000000d5c7f738,0x00000000d5c80000)
  from space 2560K, 13% used [0x00000000d5c80000,0x00000000d5cd8020,0x00000000d5f00000)
  to   space 1024K, 0% used [0x00000000d5f00000,0x00000000d5f00000,0x00000000d6000000)
 ParOldGen       total 786432K, used 785279K [0x0000000080000000, 0x00000000b0000000, 0x00000000d5580000)
  object space 786432K, 99% used [0x0000000080000000,0x00000000afedfec8,0x00000000b0000000)
 Metaspace       used 101924K, committed 104000K, reserved 1179648K
  class space    used 10363K, committed 11392K, reserved 1048576K
}
Event: 3284.069 GC heap after
{Heap after GC invocations=4953 (full 11):
 PSYoungGen      total 7680K, used 320K [0x00000000d5580000, 0x00000000d5f80000, 0x0000000100000000)
  eden space 7168K, 0% used [0x00000000d5580000,0x00000000d5580000,0x00000000d5c80000)
  from space 512K, 62% used [0x00000000d5f00000,0x00000000d5f50000,0x00000000d5f80000)
  to   space 512K, 0% used [0x00000000d5e80000,0x00000000d5e80000,0x00000000d5f00000)
 ParOldGen       total 786432K, used 786124K [0x0000000080000000, 0x00000000b0000000, 0x00000000d5580000)
  object space 786432K, 99% used [0x0000000080000000,0x00000000affb33d8,0x00000000b0000000)
 Metaspace       used 101924K, committed 104000K, reserved 1179648K
  class space    used 10363K, committed 11392K, reserved 1048576K
}
Event: 3284.143 GC heap before
{Heap before GC invocations=4954 (full 11):
 PSYoungGen      total 7680K, used 7487K [0x00000000d5580000, 0x00000000d5f80000, 0x0000000100000000)
  eden space 7168K, 99% used [0x00000000d5580000,0x00000000d5c7ffc8,0x00000000d5c80000)
  from space 512K, 62% used [0x00000000d5f00000,0x00000000d5f50000,0x00000000d5f80000)
  to   space 512K, 0% used [0x00000000d5e80000,0x00000000d5e80000,0x00000000d5f00000)
 ParOldGen       total 818176K, used 816845K [0x0000000080000000, 0x00000000b1f00000, 0x00000000d5580000)
  object space 818176K, 99% used [0x0000000080000000,0x00000000b1db3408,0x00000000b1f00000)
 Metaspace       used 101926K, committed 104000K, reserved 1179648K
  class space    used 10363K, committed 11392K, reserved 1048576K
}
Event: 3284.144 GC heap after
{Heap after GC invocations=4954 (full 11):
 PSYoungGen      total 7680K, used 320K [0x00000000d5580000, 0x00000000d5f80000, 0x0000000100000000)
  eden space 7168K, 0% used [0x00000000d5580000,0x00000000d5580000,0x00000000d5c80000)
  from space 512K, 62% used [0x00000000d5e80000,0x00000000d5ed0000,0x00000000d5f00000)
  to   space 512K, 0% used [0x00000000d5f00000,0x00000000d5f00000,0x00000000d5f80000)
 ParOldGen       total 818176K, used 816933K [0x0000000080000000, 0x00000000b1f00000, 0x00000000d5580000)
  object space 818176K, 99% used [0x0000000080000000,0x00000000b1dc9408,0x00000000b1f00000)
 Metaspace       used 101926K, committed 104000K, reserved 1179648K
  class space    used 10363K, committed 11392K, reserved 1048576K
}
Event: 3436.079 GC heap before
{Heap before GC invocations=4955 (full 11):
 PSYoungGen      total 7680K, used 7488K [0x00000000d5580000, 0x00000000d5f80000, 0x0000000100000000)
  eden space 7168K, 100% used [0x00000000d5580000,0x00000000d5c80000,0x00000000d5c80000)
  from space 512K, 62% used [0x00000000d5e80000,0x00000000d5ed0000,0x00000000d5f00000)
  to   space 512K, 0% used [0x00000000d5f00000,0x00000000d5f00000,0x00000000d5f80000)
 ParOldGen       total 881664K, used 878373K [0x0000000080000000, 0x00000000b5d00000, 0x00000000d5580000)
  object space 881664K, 99% used [0x0000000080000000,0x00000000b59c9468,0x00000000b5d00000)
 Metaspace       used 101949K, committed 104000K, reserved 1179648K
  class space    used 10364K, committed 11392K, reserved 1048576K
}
Event: 3436.082 GC heap after
{Heap after GC invocations=4955 (full 11):
 PSYoungGen      total 7680K, used 416K [0x00000000d5580000, 0x00000000d5f80000, 0x0000000100000000)
  eden space 7168K, 0% used [0x00000000d5580000,0x00000000d5580000,0x00000000d5c80000)
  from space 512K, 81% used [0x00000000d5f00000,0x00000000d5f68020,0x00000000d5f80000)
  to   space 512K, 0% used [0x00000000d5e80000,0x00000000d5e80000,0x00000000d5f00000)
 ParOldGen       total 881664K, used 878429K [0x0000000080000000, 0x00000000b5d00000, 0x00000000d5580000)
  object space 881664K, 99% used [0x0000000080000000,0x00000000b59d7468,0x00000000b5d00000)
 Metaspace       used 101949K, committed 104000K, reserved 1179648K
  class space    used 10364K, committed 11392K, reserved 1048576K
}
Event: 23601.236 GC heap before
{Heap before GC invocations=4956 (full 11):
 PSYoungGen      total 7680K, used 7583K [0x00000000d5580000, 0x00000000d5f80000, 0x0000000100000000)
  eden space 7168K, 99% used [0x00000000d5580000,0x00000000d5c7ffd8,0x00000000d5c80000)
  from space 512K, 81% used [0x00000000d5f00000,0x00000000d5f68020,0x00000000d5f80000)
  to   space 512K, 0% used [0x00000000d5e80000,0x00000000d5e80000,0x00000000d5f00000)
 ParOldGen       total 881664K, used 878429K [0x0000000080000000, 0x00000000b5d00000, 0x00000000d5580000)
  object space 881664K, 99% used [0x0000000080000000,0x00000000b59d7468,0x00000000b5d00000)
 Metaspace       used 101954K, committed 104064K, reserved 1179648K
  class space    used 10364K, committed 11392K, reserved 1048576K
}
Event: 23601.240 GC heap after
{Heap after GC invocations=4956 (full 11):
 PSYoungGen      total 7680K, used 288K [0x00000000d5580000, 0x00000000d5f80000, 0x0000000100000000)
  eden space 7168K, 0% used [0x00000000d5580000,0x00000000d5580000,0x00000000d5c80000)
  from space 512K, 56% used [0x00000000d5e80000,0x00000000d5ec8000,0x00000000d5f00000)
  to   space 512K, 0% used [0x00000000d5f00000,0x00000000d5f00000,0x00000000d5f80000)
 ParOldGen       total 881664K, used 878573K [0x0000000080000000, 0x00000000b5d00000, 0x00000000d5580000)
  object space 881664K, 99% used [0x0000000080000000,0x00000000b59fb488,0x00000000b5d00000)
 Metaspace       used 101954K, committed 104064K, reserved 1179648K
  class space    used 10364K, committed 11392K, reserved 1048576K
}
Event: 40522.823 GC heap before
{Heap before GC invocations=4957 (full 11):
 PSYoungGen      total 7680K, used 7456K [0x00000000d5580000, 0x00000000d5f80000, 0x0000000100000000)
  eden space 7168K, 100% used [0x00000000d5580000,0x00000000d5c80000,0x00000000d5c80000)
  from space 512K, 56% used [0x00000000d5e80000,0x00000000d5ec8000,0x00000000d5f00000)
  to   space 512K, 0% used [0x00000000d5f00000,0x00000000d5f00000,0x00000000d5f80000)
 ParOldGen       total 881664K, used 878573K [0x0000000080000000, 0x00000000b5d00000, 0x00000000d5580000)
  object space 881664K, 99% used [0x0000000080000000,0x00000000b59fb488,0x00000000b5d00000)
 Metaspace       used 101955K, committed 104064K, reserved 1179648K
  class space    used 10364K, committed 11392K, reserved 1048576K
}
Event: 40522.825 GC heap after
{Heap after GC invocations=4957 (full 11):
 PSYoungGen      total 7680K, used 192K [0x00000000d5580000, 0x00000000d5f80000, 0x0000000100000000)
  eden space 7168K, 0% used [0x00000000d5580000,0x00000000d5580000,0x00000000d5c80000)
  from space 512K, 37% used [0x00000000d5f00000,0x00000000d5f30000,0x00000000d5f80000)
  to   space 512K, 0% used [0x00000000d5e80000,0x00000000d5e80000,0x00000000d5f00000)
 ParOldGen       total 881664K, used 878653K [0x0000000080000000, 0x00000000b5d00000, 0x00000000d5580000)
  object space 881664K, 99% used [0x0000000080000000,0x00000000b5a0f488,0x00000000b5d00000)
 Metaspace       used 101955K, committed 104064K, reserved 1179648K
  class space    used 10364K, committed 11392K, reserved 1048576K
}

Dll operation events (12 events):
Event: 0.009 Loaded shared library c:\Users\Admin\.vscode\extensions\redhat.java-1.51.0-win32-x64\jre\21.0.9-win32-x86_64\bin\java.dll
Event: 0.076 Loaded shared library c:\Users\Admin\.vscode\extensions\redhat.java-1.51.0-win32-x64\jre\21.0.9-win32-x86_64\bin\zip.dll
Event: 0.100 Loaded shared library C:\Users\Admin\.vscode\extensions\redhat.java-1.51.0-win32-x64\jre\21.0.9-win32-x86_64\bin\instrument.dll
Event: 0.107 Loaded shared library C:\Users\Admin\.vscode\extensions\redhat.java-1.51.0-win32-x64\jre\21.0.9-win32-x86_64\bin\net.dll
Event: 0.109 Loaded shared library C:\Users\Admin\.vscode\extensions\redhat.java-1.51.0-win32-x64\jre\21.0.9-win32-x86_64\bin\nio.dll
Event: 0.113 Loaded shared library C:\Users\Admin\.vscode\extensions\redhat.java-1.51.0-win32-x64\jre\21.0.9-win32-x86_64\bin\zip.dll
Event: 0.131 Loaded shared library C:\Users\Admin\.vscode\extensions\redhat.java-1.51.0-win32-x64\jre\21.0.9-win32-x86_64\bin\jimage.dll
Event: 0.186 Loaded shared library c:\Users\Admin\.vscode\extensions\redhat.java-1.51.0-win32-x64\jre\21.0.9-win32-x86_64\bin\verify.dll
Event: 1.092 Loaded shared library C:\Users\Admin\AppData\Roaming\Code\User\globalStorage\redhat.java\1.51.0\config_win\org.eclipse.equinox.launcher\org.eclipse.equinox.launcher.win32.win32.x86_64_1.2.1400.v20250801-0854\eclipse_11916.dll
Event: 2.319 Loaded shared library C:\Users\Admin\AppData\Local\Temp\jna-1728326875\jna11433704768834587059.dll
Event: 1658.916 Loaded shared library C:\Users\Admin\.vscode\extensions\redhat.java-1.51.0-win32-x64\jre\21.0.9-win32-x86_64\bin\sunmscapi.dll
Event: 1659.096 Loaded shared library C:\Users\Admin\.vscode\extensions\redhat.java-1.51.0-win32-x64\jre\21.0.9-win32-x86_64\bin\extnet.dll

Deoptimization events (20 events):
Event: 12046.230 Thread 0x000001c4860144c0 Uncommon trap: trap_request=0xffffffd6 fr.pc=0x000001c4b12c4f98 relative=0x0000000000000638
Event: 12046.230 Thread 0x000001c4860144c0 Uncommon trap: reason=array_check action=maybe_recompile pc=0x000001c4b12c4f98 method=java.util.concurrent.ScheduledThreadPoolExecutor$DelayedWorkQueue.offer(Ljava/lang/Runnable;)Z @ 65 c2
Event: 12046.230 Thread 0x000001c4860144c0 DEOPT PACKING pc=0x000001c4b12c4f98 sp=0x0000004aa2fff030
Event: 12046.230 Thread 0x000001c4860144c0 DEOPT UNPACKING pc=0x000001c4afda6da2 sp=0x0000004aa2ffee40 mode 2
Event: 12047.224 Thread 0x000001c4860144c0 Uncommon trap: trap_request=0xffffffd6 fr.pc=0x000001c4b12c4f98 relative=0x0000000000000638
Event: 12047.224 Thread 0x000001c4860144c0 Uncommon trap: reason=array_check action=maybe_recompile pc=0x000001c4b12c4f98 method=java.util.concurrent.ScheduledThreadPoolExecutor$DelayedWorkQueue.offer(Ljava/lang/Runnable;)Z @ 65 c2
Event: 12047.224 Thread 0x000001c4860144c0 DEOPT PACKING pc=0x000001c4b12c4f98 sp=0x0000004aa2fff030
Event: 12047.225 Thread 0x000001c4860144c0 DEOPT UNPACKING pc=0x000001c4afda6da2 sp=0x0000004aa2ffee40 mode 2
Event: 12048.237 Thread 0x000001c4860144c0 Uncommon trap: trap_request=0xffffffd6 fr.pc=0x000001c4b15e3d40 relative=0x0000000000000300
Event: 12048.237 Thread 0x000001c4860144c0 Uncommon trap: reason=array_check action=maybe_recompile pc=0x000001c4b15e3d40 method=java.util.concurrent.ScheduledThreadPoolExecutor$DelayedWorkQueue.offer(Ljava/lang/Runnable;)Z @ 65 c2
Event: 12048.237 Thread 0x000001c4860144c0 DEOPT PACKING pc=0x000001c4b15e3d40 sp=0x0000004aa2ffefa0
Event: 12048.237 Thread 0x000001c4860144c0 DEOPT UNPACKING pc=0x000001c4afda6da2 sp=0x0000004aa2ffee40 mode 2
Event: 12049.237 Thread 0x000001c4860144c0 Uncommon trap: trap_request=0xffffffd6 fr.pc=0x000001c4b15c7840 relative=0x0000000000000300
Event: 12049.237 Thread 0x000001c4860144c0 Uncommon trap: reason=array_check action=maybe_recompile pc=0x000001c4b15c7840 method=java.util.concurrent.ScheduledThreadPoolExecutor$DelayedWorkQueue.offer(Ljava/lang/Runnable;)Z @ 65 c2
Event: 12049.237 Thread 0x000001c4860144c0 DEOPT PACKING pc=0x000001c4b15c7840 sp=0x0000004aa2ffeec0
Event: 12049.237 Thread 0x000001c4860144c0 DEOPT UNPACKING pc=0x000001c4afda6da2 sp=0x0000004aa2ffee40 mode 2
Event: 43751.230 Thread 0x000001c4860144c0 Uncommon trap: trap_request=0xffffffbe fr.pc=0x000001c4b11c3570 relative=0x00000000000006b0
Event: 43751.232 Thread 0x000001c4860144c0 Uncommon trap: reason=profile_predicate action=maybe_recompile pc=0x000001c4b11c3570 method=java.util.concurrent.ThreadPoolExecutor.runWorker(Ljava/util/concurrent/ThreadPoolExecutor$Worker;)V @ 21 c2
Event: 43751.233 Thread 0x000001c4860144c0 DEOPT PACKING pc=0x000001c4b11c3570 sp=0x0000004aa2fff0b0
Event: 43751.237 Thread 0x000001c4860144c0 DEOPT UNPACKING pc=0x000001c4afda6da2 sp=0x0000004aa2fff078 mode 2

Classes loaded (20 events):
Event: 2017.358 Loading class java/util/TaskQueue
Event: 2017.358 Loading class java/util/TaskQueue done
Event: 2017.358 Loading class java/util/TimerThread
Event: 2017.359 Loading class java/util/TimerThread done
Event: 2017.359 Loading class java/util/Timer$ThreadReaper
Event: 2017.359 Loading class java/util/Timer$ThreadReaper done
Event: 2017.362 Loading class java/util/concurrent/CompletableFuture$UniWhenComplete
Event: 2017.363 Loading class java/util/concurrent/CompletableFuture$UniWhenComplete done
Event: 2017.363 Loading class java/util/concurrent/CompletableFuture$UniCompose
Event: 2017.363 Loading class java/util/concurrent/CompletableFuture$UniCompose done
Event: 2017.363 Loading class java/util/concurrent/CompletableFuture$UniRelay
Event: 2017.363 Loading class java/util/concurrent/CompletableFuture$UniRelay done
Event: 2018.226 Loading class java/util/concurrent/ScheduledThreadPoolExecutor$DelayedWorkQueue$Itr
Event: 2018.227 Loading class java/util/concurrent/ScheduledThreadPoolExecutor$DelayedWorkQueue$Itr done
Event: 2018.378 Loading class java/lang/ProcessHandleImpl$ExitCompletion
Event: 2018.378 Loading class java/lang/ProcessHandleImpl$ExitCompletion done
Event: 2018.378 Loading class java/lang/ProcessHandleImpl$1
Event: 2018.379 Loading class java/lang/ProcessHandleImpl$1 done
Event: 2018.380 Loading class java/util/concurrent/CompletableFuture$UniHandle
Event: 2018.380 Loading class java/util/concurrent/CompletableFuture$UniHandle done

Classes unloaded (20 events):
Event: 2200.780 Thread 0x000001c4a55b4090 Unloading class 0x000001c4bd008800 'java/lang/invoke/LambdaForm$MH+0x000001c4bd008800'
Event: 2200.780 Thread 0x000001c4a55b4090 Unloading class 0x000001c4bd008400 'java/lang/invoke/LambdaForm$MH+0x000001c4bd008400'
Event: 2200.780 Thread 0x000001c4a55b4090 Unloading class 0x000001c4bd007000 'java/lang/invoke/LambdaForm$MH+0x000001c4bd007000'
Event: 2200.780 Thread 0x000001c4a55b4090 Unloading class 0x000001c4bd006800 'java/lang/invoke/LambdaForm$MH+0x000001c4bd006800'
Event: 2200.780 Thread 0x000001c4a55b4090 Unloading class 0x000001c4bd006400 'java/lang/invoke/LambdaForm$MH+0x000001c4bd006400'
Event: 2200.780 Thread 0x000001c4a55b4090 Unloading class 0x000001c4bd006000 'java/lang/invoke/LambdaForm$MH+0x000001c4bd006000'
Event: 2200.780 Thread 0x000001c4a55b4090 Unloading class 0x000001c4bd005c00 'java/lang/invoke/LambdaForm$BMH+0x000001c4bd005c00'
Event: 2200.780 Thread 0x000001c4a55b4090 Unloading class 0x000001c4bd004800 'java/lang/invoke/LambdaForm$DMH+0x000001c4bd004800'
Event: 2200.780 Thread 0x000001c4a55b4090 Unloading class 0x000001c4bd002400 'java/lang/invoke/LambdaForm$MH+0x000001c4bd002400'
Event: 2200.780 Thread 0x000001c4a55b4090 Unloading class 0x000001c4bd002000 'java/lang/invoke/LambdaForm$MH+0x000001c4bd002000'
Event: 2200.780 Thread 0x000001c4a55b4090 Unloading class 0x000001c4bd001800 'java/lang/invoke/LambdaForm$MH+0x000001c4bd001800'
Event: 2641.347 Thread 0x000001c4a55b4090 Unloading class 0x000001c4bd7e1c00 'java/lang/invoke/LambdaForm$MH+0x000001c4bd7e1c00'
Event: 2641.347 Thread 0x000001c4a55b4090 Unloading class 0x000001c4bd7e1800 'java/lang/invoke/LambdaForm$MH+0x000001c4bd7e1800'
Event: 2641.347 Thread 0x000001c4a55b4090 Unloading class 0x000001c4bd7e0c00 'java/lang/invoke/LambdaForm$MH+0x000001c4bd7e0c00'
Event: 2641.347 Thread 0x000001c4a55b4090 Unloading class 0x000001c4bd7e0800 'java/lang/invoke/LambdaForm$MH+0x000001c4bd7e0800'
Event: 2641.347 Thread 0x000001c4a55b4090 Unloading class 0x000001c4bd6dc000 'java/lang/invoke/LambdaForm$MH+0x000001c4bd6dc000'
Event: 2641.347 Thread 0x000001c4a55b4090 Unloading class 0x000001c4bd6d0c00 'java/lang/invoke/LambdaForm$MH+0x000001c4bd6d0c00'
Event: 2641.347 Thread 0x000001c4a55b4090 Unloading class 0x000001c4bd28a000 'java/lang/invoke/LambdaForm$MH+0x000001c4bd28a000'
Event: 2641.347 Thread 0x000001c4a55b4090 Unloading class 0x000001c4bd1b4000 'java/lang/invoke/LambdaForm$MH+0x000001c4bd1b4000'
Event: 2641.347 Thread 0x000001c4a55b4090 Unloading class 0x000001c4bd1b3c00 'java/lang/invoke/LambdaForm$MH+0x000001c4bd1b3c00'

Classes redefined (0 events):
No events

Internal exceptions (20 events):
Event: 2965.688 Thread 0x000001c486dd6400 Exception <a 'sun/nio/fs/WindowsException'{0x00000000d58930a8}> (0x00000000d58930a8) 
thrown [s\src\hotspot\share\prims\jni.cpp, line 520]
Event: 2965.688 Thread 0x000001c486dd6400 Exception <a 'sun/nio/fs/WindowsException'{0x00000000d5893938}> (0x00000000d5893938) 
thrown [s\src\hotspot\share\prims\jni.cpp, line 520]
Event: 2965.804 Thread 0x000001c486dd28f0 Exception <a 'sun/nio/fs/WindowsException'{0x00000000d55acb48}> (0x00000000d55acb48) 
thrown [s\src\hotspot\share\prims\jni.cpp, line 520]
Event: 2965.804 Thread 0x000001c486dd28f0 Exception <a 'sun/nio/fs/WindowsException'{0x00000000d55ad3d8}> (0x00000000d55ad3d8) 
thrown [s\src\hotspot\share\prims\jni.cpp, line 520]
Event: 2965.804 Thread 0x000001c486dd28f0 Exception <a 'sun/nio/fs/WindowsException'{0x00000000d55ae6b8}> (0x00000000d55ae6b8) 
thrown [s\src\hotspot\share\prims\jni.cpp, line 520]
Event: 2965.804 Thread 0x000001c486dd28f0 Exception <a 'sun/nio/fs/WindowsException'{0x00000000d55af1b0}> (0x00000000d55af1b0) 
thrown [s\src\hotspot\share\prims\jni.cpp, line 520]
Event: 2965.804 Thread 0x000001c486dd28f0 Exception <a 'sun/nio/fs/WindowsException'{0x00000000d55b0ed8}> (0x00000000d55b0ed8) 
thrown [s\src\hotspot\share\prims\jni.cpp, line 520]
Event: 2965.805 Thread 0x000001c486dd28f0 Exception <a 'sun/nio/fs/WindowsException'{0x00000000d55b1768}> (0x00000000d55b1768) 
thrown [s\src\hotspot\share\prims\jni.cpp, line 520]
Event: 2965.806 Thread 0x000001c486dd28f0 Exception <a 'sun/nio/fs/WindowsException'{0x00000000d55cfed8}> (0x00000000d55cfed8) 
thrown [s\src\hotspot\share\prims\jni.cpp, line 520]
Event: 2965.806 Thread 0x000001c486dd28f0 Exception <a 'sun/nio/fs/WindowsException'{0x00000000d55d09c8}> (0x00000000d55d09c8) 
thrown [s\src\hotspot\share\prims\jni.cpp, line 520]
Event: 2966.573 Thread 0x000001c486fb28c0 Exception <a 'sun/nio/fs/WindowsException'{0x00000000d56389c0}> (0x00000000d56389c0) 
thrown [s\src\hotspot\share\prims\jni.cpp, line 520]
Event: 2966.573 Thread 0x000001c486fb28c0 Exception <a 'sun/nio/fs/WindowsException'{0x00000000d5639250}> (0x00000000d5639250) 
thrown [s\src\hotspot\share\prims\jni.cpp, line 520]
Event: 3259.597 Thread 0x000001c486fb56b0 Exception <a 'sun/nio/fs/WindowsException'{0x00000000d57078f8}> (0x00000000d57078f8) 
thrown [s\src\hotspot\share\prims\jni.cpp, line 520]
Event: 3259.598 Thread 0x000001c486fb56b0 Exception <a 'sun/nio/fs/WindowsException'{0x00000000d5708438}> (0x00000000d5708438) 
thrown [s\src\hotspot\share\prims\jni.cpp, line 520]
Event: 3284.065 Thread 0x000001c486faf440 Exception <a 'sun/nio/fs/WindowsException'{0x00000000d5c515b0}> (0x00000000d5c515b0) 
thrown [s\src\hotspot\share\prims\jni.cpp, line 520]
Event: 3284.065 Thread 0x000001c486faf440 Exception <a 'sun/nio/fs/WindowsException'{0x00000000d5c52b20}> (0x00000000d5c52b20) 
thrown [s\src\hotspot\share\prims\jni.cpp, line 520]
Event: 3284.098 Thread 0x000001c486faf440 Exception <a 'sun/nio/fs/WindowsException'{0x00000000d59ee358}> (0x00000000d59ee358) 
thrown [s\src\hotspot\share\prims\jni.cpp, line 520]
Event: 3284.098 Thread 0x000001c486faf440 Exception <a 'sun/nio/fs/WindowsException'{0x00000000d59ef0e8}> (0x00000000d59ef0e8) 
thrown [s\src\hotspot\share\prims\jni.cpp, line 520]
Event: 12075.022 Thread 0x000001c4ff8b5d40 Exception <a 'sun/nio/fs/WindowsException'{0x00000000d5ab4e08}> (0x00000000d5ab4e08) 
thrown [s\src\hotspot\share\prims\jni.cpp, line 520]
Event: 12075.022 Thread 0x000001c4ff8b5d40 Exception <a 'sun/nio/fs/WindowsException'{0x00000000d5ab5968}> (0x00000000d5ab5968) 
thrown [s\src\hotspot\share\prims\jni.cpp, line 520]

ZGC Phase Switch (0 events):
No events

VM Operations (20 events):
Event: 43048.860 Executing VM operation: HandshakeAllThreads (HandshakeForDeflation)
Event: 43048.860 Executing VM operation: HandshakeAllThreads (HandshakeForDeflation) done
Event: 43048.860 Executing VM operation: RendezvousGCThreads
Event: 43048.860 Executing VM operation: RendezvousGCThreads done
Event: 43289.103 Executing VM operation: HandshakeAllThreads (HandshakeForDeflation)
Event: 43289.103 Executing VM operation: HandshakeAllThreads (HandshakeForDeflation) done
Event: 43289.103 Executing VM operation: RendezvousGCThreads
Event: 43289.103 Executing VM operation: RendezvousGCThreads done
Event: 43349.173 Executing VM operation: HandshakeAllThreads (HandshakeForDeflation)
Event: 43349.173 Executing VM operation: HandshakeAllThreads (HandshakeForDeflation) done
Event: 43349.173 Executing VM operation: RendezvousGCThreads
Event: 43349.173 Executing VM operation: RendezvousGCThreads done
Event: 43529.535 Executing VM operation: HandshakeAllThreads (HandshakeForDeflation)
Event: 43529.539 Executing VM operation: HandshakeAllThreads (HandshakeForDeflation) done
Event: 43529.539 Executing VM operation: RendezvousGCThreads
Event: 43529.539 Executing VM operation: RendezvousGCThreads done
Event: 43589.743 Executing VM operation: HandshakeAllThreads (HandshakeForDeflation)
Event: 43589.743 Executing VM operation: HandshakeAllThreads (HandshakeForDeflation) done
Event: 43589.743 Executing VM operation: RendezvousGCThreads
Event: 43589.743 Executing VM operation: RendezvousGCThreads done

Memory protections (0 events):
No events

Nmethod flushes (20 events):
Event: 2659.991 Thread 0x000001c4a55b4090 flushing  nmethod 0x000001c4aade5190
Event: 2659.991 Thread 0x000001c4a55b4090 flushing  nmethod 0x000001c4aae8a510
Event: 2659.991 Thread 0x000001c4a55b4090 flushing  nmethod 0x000001c4aae8bb10
Event: 2659.991 Thread 0x000001c4a55b4090 flushing  nmethod 0x000001c4aae9b490
Event: 2659.991 Thread 0x000001c4a55b4090 flushing  nmethod 0x000001c4aafea890
Event: 2659.991 Thread 0x000001c4a55b4090 flushing  nmethod 0x000001c4ab098990
Event: 2659.991 Thread 0x000001c4a55b4090 flushing  nmethod 0x000001c4ab138390
Event: 2659.991 Thread 0x000001c4a55b4090 flushing  nmethod 0x000001c4ab1a1510
Event: 2659.991 Thread 0x000001c4a55b4090 flushing  nmethod 0x000001c4ab1a3e90
Event: 2659.991 Thread 0x000001c4a55b4090 flushing  nmethod 0x000001c4ab1a5b10
Event: 2659.991 Thread 0x000001c4a55b4090 flushing  nmethod 0x000001c4ab1d0890
Event: 2659.991 Thread 0x000001c4a55b4090 flushing  nmethod 0x000001c4ab1f5d90
Event: 2659.991 Thread 0x000001c4a55b4090 flushing  nmethod 0x000001c4ab32bc10
Event: 2659.991 Thread 0x000001c4a55b4090 flushing  nmethod 0x000001c4ab372290
Event: 2659.991 Thread 0x000001c4a55b4090 flushing  nmethod 0x000001c4ab41b390
Event: 2659.991 Thread 0x000001c4a55b4090 flushing  nmethod 0x000001c4ab49d010
Event: 2659.991 Thread 0x000001c4a55b4090 flushing  nmethod 0x000001c4ab4b4e90
Event: 2659.991 Thread 0x000001c4a55b4090 flushing  nmethod 0x000001c4ab4c3c10
Event: 2659.991 Thread 0x000001c4a55b4090 flushing  nmethod 0x000001c4ab4c8290
Event: 2659.991 Thread 0x000001c4a55b4090 flushing  nmethod 0x000001c4ab4cac10

Events (20 events):
Event: 3453.806 Thread 0x000001c486fb07f0 Thread exited: 0x000001c486fb07f0
Event: 12045.158 Thread 0x000001c4fef0e0d0 Thread added: 0x000001c488066180
Event: 12045.158 Thread 0x000001c4fef0e0d0 Thread added: 0x000001c488064d10
Event: 12050.206 Thread 0x000001c488064d10 Thread exited: 0x000001c488064d10
Event: 12050.206 Thread 0x000001c488066180 Thread exited: 0x000001c488066180
Event: 12075.026 Thread 0x000001c4ff8b5d40 Thread added: 0x000001c4ff8b3c70
Event: 12075.027 Thread 0x000001c4ff8b3c70 Thread exited: 0x000001c4ff8b3c70
Event: 12075.059 Thread 0x000001c4ff8b5d40 Thread added: 0x000001c4ff8b3c70
Event: 12075.060 Thread 0x000001c4ff8b3c70 Thread exited: 0x000001c4ff8b3c70
Event: 12075.075 Thread 0x000001c486faf440 Thread exited: 0x000001c486faf440
Event: 12079.876 Thread 0x000001c486dd77b0 Thread exited: 0x000001c486dd77b0
Event: 12092.715 Thread 0x000001c485bcbe40 Thread exited: 0x000001c485bcbe40
Event: 12135.265 Thread 0x000001c4ff8b5020 Thread exited: 0x000001c4ff8b5020
Event: 12152.721 Thread 0x000001c4862e2830 Thread exited: 0x000001c4862e2830
Event: 12212.730 Thread 0x000001c486012a80 Thread exited: 0x000001c486012a80
Event: 12272.736 Thread 0x000001c4860123f0 Thread exited: 0x000001c4860123f0
Event: 12332.741 Thread 0x000001c485bcd1f0 Thread exited: 0x000001c485bcd1f0
Event: 12392.748 Thread 0x000001c4862e1b10 Thread exited: 0x000001c4862e1b10
Event: 41450.224 Thread 0x000001c4ff8b5d40 Thread added: 0x000001c4ff8b3c70
Event: 41450.228 Thread 0x000001c4ff8b4990 Thread exited: 0x000001c4ff8b4990


Dynamic libraries:
0x00007ff7e9c10000 - 0x00007ff7e9c1e000 	c:\Users\Admin\.vscode\extensions\redhat.java-1.51.0-win32-x64\jre\21.0.9-win32-x86_64\bin\java.exe
0x00007ffaf8b20000 - 0x00007ffaf8d87000 	C:\WINDOWS\SYSTEM32\ntdll.dll
0x00007ffaf7b20000 - 0x00007ffaf7be9000 	C:\WINDOWS\System32\KERNEL32.DLL
0x00007ffaf5f30000 - 0x00007ffaf631f000 	C:\WINDOWS\System32\KERNELBASE.dll
0x00007ffaf5c70000 - 0x00007ffaf5dbb000 	C:\WINDOWS\System32\ucrtbase.dll
0x00007ffaea400000 - 0x00007ffaea41e000 	c:\Users\Admin\.vscode\extensions\redhat.java-1.51.0-win32-x64\jre\21.0.9-win32-x86_64\bin\VCRUNTIME140.dll
0x00007ffaea3e0000 - 0x00007ffaea3f8000 	c:\Users\Admin\.vscode\extensions\redhat.java-1.51.0-win32-x64\jre\21.0.9-win32-x86_64\bin\jli.dll
0x00007ffaf7bf0000 - 0x00007ffaf7db5000 	C:\WINDOWS\System32\USER32.dll
0x00007ffada900000 - 0x00007ffadab93000 	C:\WINDOWS\WinSxS\amd64_microsoft.windows.common-controls_6595b64144ccf1df_6.0.26100.7309_none_3e05feeae336a044\COMCTL32.dll
0x00007ffaf5e50000 - 0x00007ffaf5e77000 	C:\WINDOWS\System32\win32u.dll
0x00007ffaf6e60000 - 0x00007ffaf6f09000 	C:\WINDOWS\System32\msvcrt.dll
0x00007ffaf7a30000 - 0x00007ffaf7a5b000 	C:\WINDOWS\System32\GDI32.dll
0x00007ffaf6790000 - 0x00007ffaf68bc000 	C:\WINDOWS\System32\gdi32full.dll
0x00007ffaf63f0000 - 0x00007ffaf6493000 	C:\WINDOWS\System32\msvcp_win.dll
0x00007ffaf7930000 - 0x00007ffaf7961000 	C:\WINDOWS\System32\IMM32.DLL
0x00007ffae56a0000 - 0x00007ffae56ac000 	c:\Users\Admin\.vscode\extensions\redhat.java-1.51.0-win32-x64\jre\21.0.9-win32-x86_64\bin\vcruntime140_1.dll
0x00007ffae5610000 - 0x00007ffae569d000 	c:\Users\Admin\.vscode\extensions\redhat.java-1.51.0-win32-x64\jre\21.0.9-win32-x86_64\bin\msvcp140.dll
0x00007ffa78c10000 - 0x00007ffa799b0000 	c:\Users\Admin\.vscode\extensions\redhat.java-1.51.0-win32-x64\jre\21.0.9-win32-x86_64\bin\server\jvm.dll
0x00007ffaf7a60000 - 0x00007ffaf7b14000 	C:\WINDOWS\System32\ADVAPI32.dll
0x00007ffaf6db0000 - 0x00007ffaf6e56000 	C:\WINDOWS\System32\sechost.dll
0x00007ffaf80c0000 - 0x00007ffaf81d8000 	C:\WINDOWS\System32\RPCRT4.dll
0x00007ffaf7e40000 - 0x00007ffaf7eb4000 	C:\WINDOWS\System32\WS2_32.dll
0x00007ffadc010000 - 0x00007ffadc045000 	C:\WINDOWS\SYSTEM32\WINMM.dll
0x00007ffaf5ad0000 - 0x00007ffaf5b2e000 	C:\WINDOWS\SYSTEM32\POWRPROF.dll
0x00007ffae9a20000 - 0x00007ffae9a2b000 	C:\WINDOWS\SYSTEM32\VERSION.dll
0x00007ffaf5ab0000 - 0x00007ffaf5ac4000 	C:\WINDOWS\SYSTEM32\UMPDC.dll
0x00007ffaf4a20000 - 0x00007ffaf4a3b000 	C:\WINDOWS\SYSTEM32\kernel.appcore.dll
0x00007ffae5600000 - 0x00007ffae560a000 	c:\Users\Admin\.vscode\extensions\redhat.java-1.51.0-win32-x64\jre\21.0.9-win32-x86_64\bin\jimage.dll
0x00007ffaf3360000 - 0x00007ffaf35a2000 	C:\WINDOWS\SYSTEM32\DBGHELP.DLL
0x00007ffaf81e0000 - 0x00007ffaf8565000 	C:\WINDOWS\System32\combase.dll
0x00007ffaf7850000 - 0x00007ffaf7926000 	C:\WINDOWS\System32\OLEAUT32.dll
0x00007ffad8d90000 - 0x00007ffad8dcc000 	C:\WINDOWS\SYSTEM32\dbgcore.DLL
0x00007ffaf5e80000 - 0x00007ffaf5f25000 	C:\WINDOWS\System32\bcryptPrimitives.dll
0x00007ffae55f0000 - 0x00007ffae55ff000 	c:\Users\Admin\.vscode\extensions\redhat.java-1.51.0-win32-x64\jre\21.0.9-win32-x86_64\bin\instrument.dll
0x00007ffae55d0000 - 0x00007ffae55f0000 	c:\Users\Admin\.vscode\extensions\redhat.java-1.51.0-win32-x64\jre\21.0.9-win32-x86_64\bin\java.dll
0x00007ffaf6f10000 - 0x00007ffaf7663000 	C:\WINDOWS\System32\SHELL32.dll
0x00007ffaf6620000 - 0x00007ffaf678a000 	C:\WINDOWS\System32\wintypes.dll
0x00007ffaf3850000 - 0x00007ffaf40ae000 	C:\WINDOWS\SYSTEM32\windows.storage.dll
0x00007ffaf7670000 - 0x00007ffaf7765000 	C:\WINDOWS\System32\SHCORE.dll
0x00007ffaf7f40000 - 0x00007ffaf7fa6000 	C:\WINDOWS\System32\shlwapi.dll
0x00007ffaf5b90000 - 0x00007ffaf5bb9000 	C:\WINDOWS\SYSTEM32\profapi.dll
0x00007ffae55b0000 - 0x00007ffae55c8000 	c:\Users\Admin\.vscode\extensions\redhat.java-1.51.0-win32-x64\jre\21.0.9-win32-x86_64\bin\zip.dll
0x00007ffab90e0000 - 0x00007ffab90f0000 	C:\Users\Admin\.vscode\extensions\redhat.java-1.51.0-win32-x64\jre\21.0.9-win32-x86_64\bin\net.dll
0x00007ffae9ce0000 - 0x00007ffae9e08000 	C:\WINDOWS\SYSTEM32\WINHTTP.dll
0x00007ffaf4f90000 - 0x00007ffaf4ffb000 	C:\WINDOWS\system32\mswsock.dll
0x00007ffae5590000 - 0x00007ffae55a6000 	C:\Users\Admin\.vscode\extensions\redhat.java-1.51.0-win32-x64\jre\21.0.9-win32-x86_64\bin\nio.dll
0x00007ffae5580000 - 0x00007ffae5590000 	c:\Users\Admin\.vscode\extensions\redhat.java-1.51.0-win32-x64\jre\21.0.9-win32-x86_64\bin\verify.dll
0x00007ffa78820000 - 0x00007ffa78864000 	C:\Users\Admin\AppData\Roaming\Code\User\globalStorage\redhat.java\1.51.0\config_win\org.eclipse.equinox.launcher\org.eclipse.equinox.launcher.win32.win32.x86_64_1.2.1400.v20250801-0854\eclipse_11916.dll
0x00007ffaf6aa0000 - 0x00007ffaf6c37000 	C:\WINDOWS\System32\ole32.dll
0x00007ffaf5250000 - 0x00007ffaf526b000 	C:\WINDOWS\SYSTEM32\CRYPTSP.dll
0x00007ffaf4960000 - 0x00007ffaf499a000 	C:\WINDOWS\system32\rsaenh.dll
0x00007ffaf5040000 - 0x00007ffaf506b000 	C:\WINDOWS\SYSTEM32\USERENV.dll
0x00007ffaf5b60000 - 0x00007ffaf5b8a000 	C:\WINDOWS\SYSTEM32\bcrypt.dll
0x00007ffaf5270000 - 0x00007ffaf527c000 	C:\WINDOWS\SYSTEM32\CRYPTBASE.dll
0x00007ffaf43e0000 - 0x00007ffaf4414000 	C:\WINDOWS\SYSTEM32\IPHLPAPI.DLL
0x00007ffaf7ec0000 - 0x00007ffaf7eca000 	C:\WINDOWS\System32\NSI.dll
0x00007ffac89b0000 - 0x00007ffac89f9000 	C:\Users\Admin\AppData\Local\Temp\jna-1728326875\jna11433704768834587059.dll
0x00007ffaf80b0000 - 0x00007ffaf80b8000 	C:\WINDOWS\System32\PSAPI.DLL
0x00007ffaea3b0000 - 0x00007ffaea3ce000 	C:\WINDOWS\SYSTEM32\dhcpcsvc6.DLL
0x00007ffae99c0000 - 0x00007ffae99e3000 	C:\WINDOWS\SYSTEM32\dhcpcsvc.DLL
0x00007ffa71650000 - 0x00007ffa7165e000 	C:\Users\Admin\.vscode\extensions\redhat.java-1.51.0-win32-x64\jre\21.0.9-win32-x86_64\bin\sunmscapi.dll
0x00007ffaf64a0000 - 0x00007ffaf6617000 	C:\WINDOWS\System32\CRYPT32.dll
0x00007ffaf5470000 - 0x00007ffaf54a0000 	C:\WINDOWS\SYSTEM32\ncrypt.dll
0x00007ffaf5420000 - 0x00007ffaf545f000 	C:\WINDOWS\SYSTEM32\NTASN1.dll
0x00007ffaf4470000 - 0x00007ffaf459c000 	C:\WINDOWS\SYSTEM32\DNSAPI.dll
0x00007ffaea3a0000 - 0x00007ffaea3ab000 	C:\Windows\System32\rasadhlp.dll
0x00007ffae53e0000 - 0x00007ffae5466000 	C:\WINDOWS\System32\fwpuclnt.dll
0x00007ffaf27b0000 - 0x00007ffaf27b9000 	C:\Users\Admin\.vscode\extensions\redhat.java-1.51.0-win32-x64\jre\21.0.9-win32-x86_64\bin\extnet.dll

JVMTI agents:
c:\Users\Admin\.vscode\extensions\redhat.java-1.51.0-win32-x64\lombok\lombok-1.18.39-4050.jar path:c:\Users\Admin\.vscode\extensions\redhat.java-1.51.0-win32-x64\jre\21.0.9-win32-x86_64\bin\instrument.dll, loaded, initialized, instrumentlib options:none

dbghelp: loaded successfully - version: 4.0.5 - missing functions: none
symbol engine: initialized successfully - sym options: 0x614 - pdb path: .;c:\Users\Admin\.vscode\extensions\redhat.java-1.51.0-win32-x64\jre\21.0.9-win32-x86_64\bin;C:\WINDOWS\SYSTEM32;C:\WINDOWS\WinSxS\amd64_microsoft.windows.common-controls_6595b64144ccf1df_6.0.26100.7309_none_3e05feeae336a044;c:\Users\Admin\.vscode\extensions\redhat.java-1.51.0-win32-x64\jre\21.0.9-win32-x86_64\bin\server;C:\Users\Admin\AppData\Roaming\Code\User\globalStorage\redhat.java\1.51.0\config_win\org.eclipse.equinox.launcher\org.eclipse.equinox.launcher.win32.win32.x86_64_1.2.1400.v20250801-0854;C:\Users\Admin\AppData\Local\Temp\jna-1728326875

VM Arguments:
jvm_args: --add-modules=ALL-SYSTEM --add-opens=java.base/java.util=ALL-UNNAMED --add-opens=java.base/java.lang=ALL-UNNAMED --add-opens=java.base/sun.nio.fs=ALL-UNNAMED -Declipse.application=org.eclipse.jdt.ls.core.id1 -Dosgi.bundles.defaultStartLevel=4 -Declipse.product=org.eclipse.jdt.ls.core.product -Djava.import.generatesMetadataFilesAtProjectRoot=false -DDetectVMInstallationsJob.disabled=true -Dfile.encoding=utf8 -XX:+UseParallelGC -XX:GCTimeRatio=4 -XX:AdaptiveSizePolicyWeight=90 -Dsun.zip.disableMemoryMapping=true -Xmx2G -Xms100m -Xlog:disable -javaagent:c:\Users\Admin\.vscode\extensions\redhat.java-1.51.0-win32-x64\lombok\lombok-1.18.39-4050.jar -XX:+HeapDumpOnOutOfMemoryError -XX:HeapDumpPath=c:\Users\Admin\AppData\Roaming\Code\User\workspaceStorage\dfc6a30cce79bf8a3fa3bd88a1f23133\redhat.java -Daether.dependencyCollector.impl=bf 
java_command: c:\Users\Admin\.vscode\extensions\redhat.java-1.51.0-win32-x64\server\plugins\org.eclipse.equinox.launcher_1.7.100.v20251111-0406.jar -configuration c:\Users\Admin\AppData\Roaming\Code\User\globalStorage\redhat.java\1.51.0\config_win -data c:\Users\Admin\AppData\Roaming\Code\User\workspaceStorage\dfc6a30cce79bf8a3fa3bd88a1f23133\redhat.java\jdt_ws --pipe=\\.\pipe\lsp-314350bf1d775395afa36a0394bfd88b-sock
java_class_path (initial): c:\Users\Admin\.vscode\extensions\redhat.java-1.51.0-win32-x64\server\plugins\org.eclipse.equinox.launcher_1.7.100.v20251111-0406.jar
Launcher Type: SUN_STANDARD

[Global flags]
    uintx AdaptiveSizePolicyWeight                 = 90                                        {product} {command line}
     intx CICompilerCount                          = 4                                         {product} {ergonomic}
    uintx GCTimeRatio                              = 4                                         {product} {command line}
     bool HeapDumpOnOutOfMemoryError               = true                                   {manageable} {command line}
    ccstr HeapDumpPath                             = c:\Users\Admin\AppData\Roaming\Code\User\workspaceStorage\dfc6a30cce79bf8a3fa3bd88a1f23133\redhat.java         {manageable} {command line}
   size_t InitialHeapSize                          = 104857600                                 {product} {command line}
   size_t MaxHeapSize                              = 2147483648                                {product} {command line}
   size_t MaxNewSize                               = 715653120                                 {product} {ergonomic}
   size_t MinHeapDeltaBytes                        = 524288                                    {product} {ergonomic}
   size_t MinHeapSize                              = 104857600                                 {product} {command line}
   size_t NewSize                                  = 34603008                                  {product} {ergonomic}
    uintx NonNMethodCodeHeapSize                   = 5839372                                {pd product} {ergonomic}
    uintx NonProfiledCodeHeapSize                  = 122909434                              {pd product} {ergonomic}
   size_t OldSize                                  = 70254592                                  {product} {ergonomic}
    uintx ProfiledCodeHeapSize                     = 122909434                              {pd product} {ergonomic}
    uintx ReservedCodeCacheSize                    = 251658240                              {pd product} {ergonomic}
     bool SegmentedCodeCache                       = true                                      {product} {ergonomic}
   size_t SoftMaxHeapSize                          = 2147483648                             {manageable} {ergonomic}
     bool UseCompressedOops                        = true                           {product lp64_product} {ergonomic}
     bool UseLargePagesIndividualAllocation        = false                                  {pd product} {ergonomic}
     bool UseParallelGC                            = true                                      {product} {command line}

Logging:
Log output configuration:
 #0: stdout all=off uptime,level,tags foldmultilines=false
 #1: stderr all=off uptime,level,tags foldmultilines=false

Release file:
JAVA_VERSION="21.0.9" 
MODULES="java.base java.compiler java.datatransfer java.xml java.prefs java.desktop java.instrument java.logging java.management java.security.sasl java.naming java.rmi java.management.rmi java.net.http java.scripting java.security.jgss java.transaction.xa java.sql java.sql.rowset java.xml.crypto java.se java.smartcardio jdk.accessibility jdk.internal.jvmstat jdk.attach jdk.charsets jdk.internal.opt jdk.zipfs jdk.compiler jdk.crypto.ec jdk.crypto.cryptoki jdk.crypto.mscapi jdk.dynalink jdk.internal.ed jdk.editpad jdk.hotspot.agent jdk.httpserver jdk.internal.le jdk.internal.vm.ci jdk.internal.vm.compiler jdk.internal.vm.compiler.management jdk.jartool jdk.javadoc jdk.jcmd jdk.management jdk.management.agent jdk.jconsole jdk.jdeps jdk.jdwp.agent jdk.jdi jdk.jfr jdk.jshell jdk.jsobject jdk.jstatd jdk.localedata jdk.management.jfr jdk.naming.dns jdk.naming.rmi jdk.net jdk.nio.mapmode jdk.random jdk.sctp jdk.security.auth jdk.security.jgss jdk.unsupported jdk.unsupported.desktop jdk.xml.dom" 

Environment Variables:
PATH=C:\Program Files\Microsoft MPI\Bin\;C:\Program Files\Eclipse Adoptium\jdk-17.0.8.101-hotspot\bin;C:\Program Files\Common Files\Oracle\Java\javapath;C:\WINDOWS\system32;C:\WINDOWS;C:\WINDOWS\System32\Wbem;C:\WINDOWS\System32\WindowsPowerShell\v1.0\;C:\WINDOWS\System32\OpenSSH\;C:\Program Files\Java\jdk-20\bin;C:\Program Files (x86)\Microsoft SQL Server\160\DTS\Binn\;C:\Program Files\Azure Data Studio\bin;C:\Program Files (x86)\Microsoft SQL Server\160\Tools\Binn\;C:\Program Files\Microsoft SQL Server\160\Tools\Binn\;C:\Program Files\Microsoft SQL Server\Client SDK\ODBC\170\Tools\Binn\;C:\Program Files\Microsoft SQL Server\160\DTS\Binn\;E:\ex c++\ucrt64\bin;C:\Program Files\Microsoft SQL Server\150\Tools\Binn\;C:\Program Files\nodejs\;E:\Git\cmd;C:\Program Files\Docker\Docker\resources\bin;C:\Program Files\dotnet\;C:\Program Files\Microsoft SQL Server\170\DTS\Binn\;C:\Users\Admin\AppData\Local\Programs\Python\Launcher\;C:\Users\Admin\AppData\Local\Microsoft\WindowsApps;C:\Users\Admin\AppData\Local\Programs\Microsoft VS Code\bin;C:\Program Files\Azure Data Studio\bin;C:\Users\Admin\AppData\Roaming\npm;C:\xampp\mysql\bin;C:\Users\Admin\AppData\Local\Android\Sdk\platform-tools;C:\Users\Admin\AppData\Local\Android\Sdk\build-tools;C:\Users\Admin\AppData\Local\Android\Sdk\emulator;E:\Nam2\KTPM2\New folder;C:\Users\Admin\.dotnet\tools;C:\flutter\flutter\bin;
USERNAME=Xun Hong
OS=Windows_NT
PROCESSOR_IDENTIFIER=Intel64 Family 6 Model 141 Stepping 1, GenuineIntel
TMP=C:\Users\Admin\AppData\Local\Temp
TEMP=C:\Users\Admin\AppData\Local\Temp




Periodic native trim disabled

---------------  S Y S T E M  ---------------

OS:
 Windows 11 , 64 bit Build 26100 (10.0.26100.7309)
OS uptime: 0 days 12:15 hours
Hyper-V role detected

CPU: total 12 (initial active 12) (6 cores per cpu, 2 threads per core) family 6 model 141 stepping 1 microcode 0x3c, cx8, cmov, fxsr, ht, mmx, 3dnowpref, sse, sse2, sse3, ssse3, sse4.1, sse4.2, popcnt, lzcnt, tsc, tscinvbit, avx, avx2, aes, erms, clmul, bmi1, bmi2, adx, avx512f, avx512dq, avx512cd, avx512bw, avx512vl, sha, fma, vzeroupper, avx512_vpopcntdq, avx512_vpclmulqdq, avx512_vaes, avx512_vnni, clflush, clflushopt, clwb, avx512_vbmi2, avx512_vbmi, hv, rdtscp, rdpid, fsrm, gfni, avx512_bitalg, f16c, cet_ibt, cet_ss, avx512_ifma
Processor Information for the first 12 processors :
  Max Mhz: 2688, Current Mhz: 2688, Mhz Limit: 2688

Memory: 4k page, system-wide physical 16163M (924M free)
TotalPageFile size 33906M (AvailPageFile size 0M)
current process WorkingSet (physical memory assigned to process): 45M, peak: 1865M
current process commit charge ("private bytes"): 1287M, peak: 1799M

vm_info: OpenJDK 64-Bit Server VM (21.0.9+10-LTS) for windows-amd64 JRE (21.0.9+10-LTS), built on 2025-10-21T00:00:00Z by "admin" with unknown MS VC++:1942

END.
